mode: atomic
github.com/bank-vaults/vault-operator/pkg/apis/addtoscheme_monitor_v1.go:21.13,23.2 1 0
github.com/bank-vaults/vault-operator/pkg/apis/addtoscheme_vault_v1alpha1.go:21.13,23.2 1 0
github.com/bank-vaults/vault-operator/pkg/apis/apis.go:25.43,27.2 1 0
github.com/bank-vaults/vault-operator/cmd/main.go:50.13,65.24 6 0
github.com/bank-vaults/vault-operator/cmd/main.go:65.24,67.3 1 0
github.com/bank-vaults/vault-operator/cmd/main.go:70.2,71.21 2 0
github.com/bank-vaults/vault-operator/cmd/main.go:71.21,73.3 1 0
github.com/bank-vaults/vault-operator/cmd/main.go:75.2,76.21 2 0
github.com/bank-vaults/vault-operator/cmd/main.go:76.21,78.3 1 0
github.com/bank-vaults/vault-operator/cmd/main.go:78.8,81.3 2 0
github.com/bank-vaults/vault-operator/cmd/main.go:84.2,85.16 2 0
github.com/bank-vaults/vault-operator/cmd/main.go:85.16,88.3 2 0
github.com/bank-vaults/vault-operator/cmd/main.go:91.2,94.63 4 0
github.com/bank-vaults/vault-operator/cmd/main.go:94.63,96.3 1 0
github.com/bank-vaults/vault-operator/cmd/main.go:99.2,112.16 2 0
github.com/bank-vaults/vault-operator/cmd/main.go:112.16,115.3 2 0
github.com/bank-vaults/vault-operator/cmd/main.go:119.2,122.16 3 0
github.com/bank-vaults/vault-operator/cmd/main.go:122.16,125.3 2 0
github.com/bank-vaults/vault-operator/cmd/main.go:127.2,128.16 2 0
github.com/bank-vaults/vault-operator/cmd/main.go:128.16,131.3 2 0
github.com/bank-vaults/vault-operator/cmd/main.go:134.2,136.58 2 0
github.com/bank-vaults/vault-operator/cmd/main.go:136.58,139.3 2 0
github.com/bank-vaults/vault-operator/cmd/main.go:141.2,141.53 1 0
github.com/bank-vaults/vault-operator/cmd/main.go:141.53,144.3 2 0
github.com/bank-vaults/vault-operator/cmd/main.go:147.2,148.61 2 0
github.com/bank-vaults/vault-operator/cmd/main.go:148.61,151.3 2 0
github.com/bank-vaults/vault-operator/pkg/client/informers/externalversions/vault/interface.go:37.140,39.2 1 0
github.com/bank-vaults/vault-operator/pkg/client/informers/externalversions/vault/interface.go:42.47,44.2 1 0
github.com/bank-vaults/vault-operator/pkg/client/clientset/versioned/fake/clientset_generated.go:34.63,36.30 2 0
github.com/bank-vaults/vault-operator/pkg/client/clientset/versioned/fake/clientset_generated.go:36.30,37.36 1 0
github.com/bank-vaults/vault-operator/pkg/client/clientset/versioned/fake/clientset_generated.go:37.36,38.14 1 0
github.com/bank-vaults/vault-operator/pkg/client/clientset/versioned/fake/clientset_generated.go:42.2,45.101 4 0
github.com/bank-vaults/vault-operator/pkg/client/clientset/versioned/fake/clientset_generated.go:45.101,49.17 4 0
github.com/bank-vaults/vault-operator/pkg/client/clientset/versioned/fake/clientset_generated.go:49.17,51.4 1 0
github.com/bank-vaults/vault-operator/pkg/client/clientset/versioned/fake/clientset_generated.go:52.3,52.26 1 0
github.com/bank-vaults/vault-operator/pkg/client/clientset/versioned/fake/clientset_generated.go:55.2,55.11 1 0
github.com/bank-vaults/vault-operator/pkg/client/clientset/versioned/fake/clientset_generated.go:67.62,69.2 1 0
github.com/bank-vaults/vault-operator/pkg/client/clientset/versioned/fake/clientset_generated.go:71.53,73.2 1 0
github.com/bank-vaults/vault-operator/pkg/client/clientset/versioned/fake/clientset_generated.go:81.74,83.2 1 0
github.com/bank-vaults/vault-operator/pkg/client/clientset/versioned/fake/register.go:51.13,54.2 2 0
github.com/bank-vaults/vault-operator/pkg/client/clientset/versioned/typed/vault/v1alpha1/vault.go:57.66,62.2 1 0
github.com/bank-vaults/vault-operator/pkg/client/clientset/versioned/typed/vault/v1alpha1/vault.go:65.115,75.2 3 0
github.com/bank-vaults/vault-operator/pkg/client/clientset/versioned/typed/vault/v1alpha1/vault.go:78.105,80.32 2 0
github.com/bank-vaults/vault-operator/pkg/client/clientset/versioned/typed/vault/v1alpha1/vault.go:80.32,82.3 1 0
github.com/bank-vaults/vault-operator/pkg/client/clientset/versioned/typed/vault/v1alpha1/vault.go:83.2,91.8 3 0
github.com/bank-vaults/vault-operator/pkg/client/clientset/versioned/typed/vault/v1alpha1/vault.go:95.91,97.32 2 0
github.com/bank-vaults/vault-operator/pkg/client/clientset/versioned/typed/vault/v1alpha1/vault.go:97.32,99.3 1 0
github.com/bank-vaults/vault-operator/pkg/client/clientset/versioned/typed/vault/v1alpha1/vault.go:100.2,106.13 2 0
github.com/bank-vaults/vault-operator/pkg/client/clientset/versioned/typed/vault/v1alpha1/vault.go:110.128,120.2 3 0
github.com/bank-vaults/vault-operator/pkg/client/clientset/versioned/typed/vault/v1alpha1/vault.go:123.128,134.2 3 0
github.com/bank-vaults/vault-operator/pkg/client/clientset/versioned/typed/vault/v1alpha1/vault.go:137.88,145.2 1 0
github.com/bank-vaults/vault-operator/pkg/client/clientset/versioned/typed/vault/v1alpha1/vault.go:148.110,150.36 2 0
github.com/bank-vaults/vault-operator/pkg/client/clientset/versioned/typed/vault/v1alpha1/vault.go:150.36,152.3 1 0
github.com/bank-vaults/vault-operator/pkg/client/clientset/versioned/typed/vault/v1alpha1/vault.go:153.2,160.10 1 0
github.com/bank-vaults/vault-operator/pkg/client/clientset/versioned/typed/vault/v1alpha1/vault.go:164.173,176.2 3 0
github.com/bank-vaults/vault-operator/pkg/client/clientset/versioned/typed/vault/v1alpha1/vault_client.go:37.71,39.2 1 0
github.com/bank-vaults/vault-operator/pkg/client/clientset/versioned/typed/vault/v1alpha1/vault_client.go:44.65,46.51 2 0
github.com/bank-vaults/vault-operator/pkg/client/clientset/versioned/typed/vault/v1alpha1/vault_client.go:46.51,48.3 1 0
github.com/bank-vaults/vault-operator/pkg/client/clientset/versioned/typed/vault/v1alpha1/vault_client.go:49.2,50.16 2 0
github.com/bank-vaults/vault-operator/pkg/client/clientset/versioned/typed/vault/v1alpha1/vault_client.go:50.16,52.3 1 0
github.com/bank-vaults/vault-operator/pkg/client/clientset/versioned/typed/vault/v1alpha1/vault_client.go:53.2,53.51 1 0
github.com/bank-vaults/vault-operator/pkg/client/clientset/versioned/typed/vault/v1alpha1/vault_client.go:58.90,60.51 2 0
github.com/bank-vaults/vault-operator/pkg/client/clientset/versioned/typed/vault/v1alpha1/vault_client.go:60.51,62.3 1 0
github.com/bank-vaults/vault-operator/pkg/client/clientset/versioned/typed/vault/v1alpha1/vault_client.go:63.2,64.16 2 0
github.com/bank-vaults/vault-operator/pkg/client/clientset/versioned/typed/vault/v1alpha1/vault_client.go:64.16,66.3 1 0
github.com/bank-vaults/vault-operator/pkg/client/clientset/versioned/typed/vault/v1alpha1/vault_client.go:67.2,67.42 1 0
github.com/bank-vaults/vault-operator/pkg/client/clientset/versioned/typed/vault/v1alpha1/vault_client.go:72.61,74.16 2 0
github.com/bank-vaults/vault-operator/pkg/client/clientset/versioned/typed/vault/v1alpha1/vault_client.go:74.16,75.13 1 0
github.com/bank-vaults/vault-operator/pkg/client/clientset/versioned/typed/vault/v1alpha1/vault_client.go:77.2,77.15 1 0
github.com/bank-vaults/vault-operator/pkg/client/clientset/versioned/typed/vault/v1alpha1/vault_client.go:81.49,83.2 1 0
github.com/bank-vaults/vault-operator/pkg/client/clientset/versioned/typed/vault/v1alpha1/vault_client.go:85.51,91.28 5 0
github.com/bank-vaults/vault-operator/pkg/client/clientset/versioned/typed/vault/v1alpha1/vault_client.go:91.28,93.3 1 0
github.com/bank-vaults/vault-operator/pkg/client/clientset/versioned/typed/vault/v1alpha1/vault_client.go:95.2,95.12 1 0
github.com/bank-vaults/vault-operator/pkg/client/clientset/versioned/typed/vault/v1alpha1/vault_client.go:100.59,101.14 1 0
github.com/bank-vaults/vault-operator/pkg/client/clientset/versioned/typed/vault/v1alpha1/vault_client.go:101.14,103.3 1 0
github.com/bank-vaults/vault-operator/pkg/client/clientset/versioned/typed/vault/v1alpha1/vault_client.go:104.2,104.21 1 0
github.com/bank-vaults/vault-operator/pkg/client/informers/externalversions/factory.go:56.92,57.69 1 0
github.com/bank-vaults/vault-operator/pkg/client/informers/externalversions/factory.go:57.69,58.34 1 0
github.com/bank-vaults/vault-operator/pkg/client/informers/externalversions/factory.go:58.34,60.4 1 0
github.com/bank-vaults/vault-operator/pkg/client/informers/externalversions/factory.go:61.3,61.17 1 0
github.com/bank-vaults/vault-operator/pkg/client/informers/externalversions/factory.go:66.106,67.69 1 0
github.com/bank-vaults/vault-operator/pkg/client/informers/externalversions/factory.go:67.69,70.3 2 0
github.com/bank-vaults/vault-operator/pkg/client/informers/externalversions/factory.go:74.59,75.69 1 0
github.com/bank-vaults/vault-operator/pkg/client/informers/externalversions/factory.go:75.69,78.3 2 0
github.com/bank-vaults/vault-operator/pkg/client/informers/externalversions/factory.go:82.110,84.2 1 0
github.com/bank-vaults/vault-operator/pkg/client/informers/externalversions/factory.go:90.194,92.2 1 0
github.com/bank-vaults/vault-operator/pkg/client/informers/externalversions/factory.go:95.154,106.30 2 0
github.com/bank-vaults/vault-operator/pkg/client/informers/externalversions/factory.go:106.30,108.3 1 0
github.com/bank-vaults/vault-operator/pkg/client/informers/externalversions/factory.go:110.2,110.16 1 0
github.com/bank-vaults/vault-operator/pkg/client/informers/externalversions/factory.go:113.63,117.20 3 0
github.com/bank-vaults/vault-operator/pkg/client/informers/externalversions/factory.go:117.20,119.3 1 0
github.com/bank-vaults/vault-operator/pkg/client/informers/externalversions/factory.go:121.2,121.50 1 0
github.com/bank-vaults/vault-operator/pkg/client/informers/externalversions/factory.go:121.50,122.40 1 0
github.com/bank-vaults/vault-operator/pkg/client/informers/externalversions/factory.go:122.40,128.14 3 0
github.com/bank-vaults/vault-operator/pkg/client/informers/externalversions/factory.go:128.14,131.5 2 0
github.com/bank-vaults/vault-operator/pkg/client/informers/externalversions/factory.go:132.4,132.43 1 0
github.com/bank-vaults/vault-operator/pkg/client/informers/externalversions/factory.go:137.44,144.2 4 0
github.com/bank-vaults/vault-operator/pkg/client/informers/externalversions/factory.go:146.96,147.65 1 0
github.com/bank-vaults/vault-operator/pkg/client/informers/externalversions/factory.go:147.65,152.51 4 0
github.com/bank-vaults/vault-operator/pkg/client/informers/externalversions/factory.go:152.51,153.40 1 0
github.com/bank-vaults/vault-operator/pkg/client/informers/externalversions/factory.go:153.40,155.5 1 0
github.com/bank-vaults/vault-operator/pkg/client/informers/externalversions/factory.go:157.3,157.19 1 0
github.com/bank-vaults/vault-operator/pkg/client/informers/externalversions/factory.go:160.2,161.46 2 0
github.com/bank-vaults/vault-operator/pkg/client/informers/externalversions/factory.go:161.46,163.3 1 0
github.com/bank-vaults/vault-operator/pkg/client/informers/externalversions/factory.go:164.2,164.12 1 0
github.com/bank-vaults/vault-operator/pkg/client/informers/externalversions/factory.go:169.135,175.12 5 0
github.com/bank-vaults/vault-operator/pkg/client/informers/externalversions/factory.go:175.12,177.3 1 0
github.com/bank-vaults/vault-operator/pkg/client/informers/externalversions/factory.go:179.2,180.13 2 0
github.com/bank-vaults/vault-operator/pkg/client/informers/externalversions/factory.go:180.13,182.3 1 0
github.com/bank-vaults/vault-operator/pkg/client/informers/externalversions/factory.go:184.2,187.17 3 0
github.com/bank-vaults/vault-operator/pkg/client/informers/externalversions/factory.go:247.57,249.2 1 0
github.com/bank-vaults/vault-operator/pkg/client/informers/externalversions/generic.go:40.64,42.2 1 0
github.com/bank-vaults/vault-operator/pkg/client/informers/externalversions/generic.go:45.56,47.2 1 0
github.com/bank-vaults/vault-operator/pkg/client/informers/externalversions/generic.go:51.108,52.18 1 0
github.com/bank-vaults/vault-operator/pkg/client/informers/externalversions/generic.go:54.58,55.119 1 0
github.com/bank-vaults/vault-operator/pkg/client/informers/externalversions/generic.go:59.2,59.62 1 0
github.com/bank-vaults/vault-operator/pkg/client/clientset/versioned/scheme/register.go:51.13,54.2 2 0
github.com/bank-vaults/vault-operator/pkg/client/clientset/versioned/clientset.go:41.74,43.2 1 0
github.com/bank-vaults/vault-operator/pkg/client/clientset/versioned/clientset.go:46.62,47.14 1 0
github.com/bank-vaults/vault-operator/pkg/client/clientset/versioned/clientset.go:47.14,49.3 1 0
github.com/bank-vaults/vault-operator/pkg/client/clientset/versioned/clientset.go:50.2,50.26 1 0
github.com/bank-vaults/vault-operator/pkg/client/clientset/versioned/clientset.go:58.55,61.39 2 0
github.com/bank-vaults/vault-operator/pkg/client/clientset/versioned/clientset.go:61.39,63.3 1 0
github.com/bank-vaults/vault-operator/pkg/client/clientset/versioned/clientset.go:66.2,67.16 2 0
github.com/bank-vaults/vault-operator/pkg/client/clientset/versioned/clientset.go:67.16,69.3 1 0
github.com/bank-vaults/vault-operator/pkg/client/clientset/versioned/clientset.go:71.2,71.62 1 0
github.com/bank-vaults/vault-operator/pkg/client/clientset/versioned/clientset.go:78.89,80.71 2 0
github.com/bank-vaults/vault-operator/pkg/client/clientset/versioned/clientset.go:80.71,81.35 1 0
github.com/bank-vaults/vault-operator/pkg/client/clientset/versioned/clientset.go:81.35,83.4 1 0
github.com/bank-vaults/vault-operator/pkg/client/clientset/versioned/clientset.go:84.3,84.120 1 0
github.com/bank-vaults/vault-operator/pkg/client/clientset/versioned/clientset.go:87.2,90.16 4 0
github.com/bank-vaults/vault-operator/pkg/client/clientset/versioned/clientset.go:90.16,92.3 1 0
github.com/bank-vaults/vault-operator/pkg/client/clientset/versioned/clientset.go:94.2,95.16 2 0
github.com/bank-vaults/vault-operator/pkg/client/clientset/versioned/clientset.go:95.16,97.3 1 0
github.com/bank-vaults/vault-operator/pkg/client/clientset/versioned/clientset.go:98.2,98.17 1 0
github.com/bank-vaults/vault-operator/pkg/client/clientset/versioned/clientset.go:103.51,105.16 2 0
github.com/bank-vaults/vault-operator/pkg/client/clientset/versioned/clientset.go:105.16,106.13 1 0
github.com/bank-vaults/vault-operator/pkg/client/clientset/versioned/clientset.go:108.2,108.11 1 0
github.com/bank-vaults/vault-operator/pkg/client/clientset/versioned/clientset.go:112.39,118.2 4 0
github.com/bank-vaults/vault-operator/pkg/client/clientset/versioned/typed/vault/v1alpha1/fake/fake_vault.go:41.119,45.16 2 0
github.com/bank-vaults/vault-operator/pkg/client/clientset/versioned/typed/vault/v1alpha1/fake/fake_vault.go:45.16,47.3 1 0
github.com/bank-vaults/vault-operator/pkg/client/clientset/versioned/typed/vault/v1alpha1/fake/fake_vault.go:48.2,48.35 1 0
github.com/bank-vaults/vault-operator/pkg/client/clientset/versioned/typed/vault/v1alpha1/fake/fake_vault.go:52.109,56.16 2 0
github.com/bank-vaults/vault-operator/pkg/client/clientset/versioned/typed/vault/v1alpha1/fake/fake_vault.go:56.16,58.3 1 0
github.com/bank-vaults/vault-operator/pkg/client/clientset/versioned/typed/vault/v1alpha1/fake/fake_vault.go:60.2,61.18 2 0
github.com/bank-vaults/vault-operator/pkg/client/clientset/versioned/typed/vault/v1alpha1/fake/fake_vault.go:61.18,63.3 1 0
github.com/bank-vaults/vault-operator/pkg/client/clientset/versioned/typed/vault/v1alpha1/fake/fake_vault.go:64.2,65.55 2 0
github.com/bank-vaults/vault-operator/pkg/client/clientset/versioned/typed/vault/v1alpha1/fake/fake_vault.go:65.55,66.45 1 0
github.com/bank-vaults/vault-operator/pkg/client/clientset/versioned/typed/vault/v1alpha1/fake/fake_vault.go:66.45,68.4 1 0
github.com/bank-vaults/vault-operator/pkg/client/clientset/versioned/typed/vault/v1alpha1/fake/fake_vault.go:70.2,70.18 1 0
github.com/bank-vaults/vault-operator/pkg/client/clientset/versioned/typed/vault/v1alpha1/fake/fake_vault.go:74.95,78.2 1 0
github.com/bank-vaults/vault-operator/pkg/client/clientset/versioned/typed/vault/v1alpha1/fake/fake_vault.go:81.132,85.16 2 0
github.com/bank-vaults/vault-operator/pkg/client/clientset/versioned/typed/vault/v1alpha1/fake/fake_vault.go:85.16,87.3 1 0
github.com/bank-vaults/vault-operator/pkg/client/clientset/versioned/typed/vault/v1alpha1/fake/fake_vault.go:88.2,88.35 1 0
github.com/bank-vaults/vault-operator/pkg/client/clientset/versioned/typed/vault/v1alpha1/fake/fake_vault.go:92.132,96.16 2 0
github.com/bank-vaults/vault-operator/pkg/client/clientset/versioned/typed/vault/v1alpha1/fake/fake_vault.go:96.16,98.3 1 0
github.com/bank-vaults/vault-operator/pkg/client/clientset/versioned/typed/vault/v1alpha1/fake/fake_vault.go:99.2,99.35 1 0
github.com/bank-vaults/vault-operator/pkg/client/clientset/versioned/typed/vault/v1alpha1/fake/fake_vault.go:103.92,108.2 2 0
github.com/bank-vaults/vault-operator/pkg/client/clientset/versioned/typed/vault/v1alpha1/fake/fake_vault.go:111.114,116.2 3 0
github.com/bank-vaults/vault-operator/pkg/client/clientset/versioned/typed/vault/v1alpha1/fake/fake_vault.go:119.177,123.16 2 0
github.com/bank-vaults/vault-operator/pkg/client/clientset/versioned/typed/vault/v1alpha1/fake/fake_vault.go:123.16,125.3 1 0
github.com/bank-vaults/vault-operator/pkg/client/clientset/versioned/typed/vault/v1alpha1/fake/fake_vault.go:126.2,126.35 1 0
github.com/bank-vaults/vault-operator/pkg/client/clientset/versioned/typed/vault/v1alpha1/fake/fake_vault_client.go:29.78,31.2 1 0
github.com/bank-vaults/vault-operator/pkg/client/clientset/versioned/typed/vault/v1alpha1/fake/fake_vault_client.go:35.57,38.2 2 0
github.com/bank-vaults/vault-operator/pkg/client/listers/vault/v1alpha1/vault.go:43.56,45.2 1 0
github.com/bank-vaults/vault-operator/pkg/client/listers/vault/v1alpha1/vault.go:48.89,49.63 1 0
github.com/bank-vaults/vault-operator/pkg/client/listers/vault/v1alpha1/vault.go:49.63,51.3 1 0
github.com/bank-vaults/vault-operator/pkg/client/listers/vault/v1alpha1/vault.go:52.2,52.17 1 0
github.com/bank-vaults/vault-operator/pkg/client/listers/vault/v1alpha1/vault.go:56.69,58.2 1 0
github.com/bank-vaults/vault-operator/pkg/client/listers/vault/v1alpha1/vault.go:80.97,81.87 1 0
github.com/bank-vaults/vault-operator/pkg/client/listers/vault/v1alpha1/vault.go:81.87,83.3 1 0
github.com/bank-vaults/vault-operator/pkg/client/listers/vault/v1alpha1/vault.go:84.2,84.17 1 0
github.com/bank-vaults/vault-operator/pkg/client/listers/vault/v1alpha1/vault.go:88.73,90.16 2 0
github.com/bank-vaults/vault-operator/pkg/client/listers/vault/v1alpha1/vault.go:90.16,92.3 1 0
github.com/bank-vaults/vault-operator/pkg/client/listers/vault/v1alpha1/vault.go:93.2,93.13 1 0
github.com/bank-vaults/vault-operator/pkg/client/listers/vault/v1alpha1/vault.go:93.13,95.3 1 0
github.com/bank-vaults/vault-operator/pkg/client/listers/vault/v1alpha1/vault.go:96.2,96.35 1 0
github.com/bank-vaults/vault-operator/pkg/controller/addtomanager_vault.go:21.13,24.2 1 0
github.com/bank-vaults/vault-operator/pkg/controller/controller.go:25.44,26.38 1 0
github.com/bank-vaults/vault-operator/pkg/controller/controller.go:26.38,27.30 1 0
github.com/bank-vaults/vault-operator/pkg/controller/controller.go:27.30,29.4 1 0
github.com/bank-vaults/vault-operator/pkg/controller/controller.go:31.2,31.12 1 0
github.com/bank-vaults/vault-operator/pkg/client/informers/externalversions/vault/v1alpha1/interface.go:36.140,38.2 1 0
github.com/bank-vaults/vault-operator/pkg/client/informers/externalversions/vault/v1alpha1/interface.go:41.42,43.2 1 0
github.com/bank-vaults/vault-operator/pkg/client/informers/externalversions/vault/v1alpha1/vault.go:49.148,51.2 1 0
github.com/bank-vaults/vault-operator/pkg/client/informers/externalversions/vault/v1alpha1/vault.go:56.214,59.67 1 0
github.com/bank-vaults/vault-operator/pkg/client/informers/externalversions/vault/v1alpha1/vault.go:59.67,60.32 1 0
github.com/bank-vaults/vault-operator/pkg/client/informers/externalversions/vault/v1alpha1/vault.go:60.32,62.6 1 0
github.com/bank-vaults/vault-operator/pkg/client/informers/externalversions/vault/v1alpha1/vault.go:63.5,63.82 1 0
github.com/bank-vaults/vault-operator/pkg/client/informers/externalversions/vault/v1alpha1/vault.go:65.69,66.32 1 0
github.com/bank-vaults/vault-operator/pkg/client/informers/externalversions/vault/v1alpha1/vault.go:66.32,68.6 1 0
github.com/bank-vaults/vault-operator/pkg/client/informers/externalversions/vault/v1alpha1/vault.go:69.5,69.83 1 0
github.com/bank-vaults/vault-operator/pkg/client/informers/externalversions/vault/v1alpha1/vault.go:78.123,80.2 1 0
github.com/bank-vaults/vault-operator/pkg/client/informers/externalversions/vault/v1alpha1/vault.go:82.62,84.2 1 0
github.com/bank-vaults/vault-operator/pkg/client/informers/externalversions/vault/v1alpha1/vault.go:86.55,88.2 1 0
github.com/bank-vaults/vault-operator/pkg/apis/vault/v1alpha1/groupversion_info.go:38.41,40.2 1 0
github.com/bank-vaults/vault-operator/pkg/apis/vault/v1alpha1/groupversion_info.go:43.53,45.2 1 0
github.com/bank-vaults/vault-operator/pkg/apis/vault/v1alpha1/vault_types.go:330.44,332.46 2 0
github.com/bank-vaults/vault-operator/pkg/apis/vault/v1alpha1/vault_types.go:332.46,333.33 1 0
github.com/bank-vaults/vault-operator/pkg/apis/vault/v1alpha1/vault_types.go:333.33,335.4 1 0
github.com/bank-vaults/vault-operator/pkg/apis/vault/v1alpha1/vault_types.go:337.2,337.31 1 0
github.com/bank-vaults/vault-operator/pkg/apis/vault/v1alpha1/vault_types.go:337.31,339.3 1 0
github.com/bank-vaults/vault-operator/pkg/apis/vault/v1alpha1/vault_types.go:340.2,340.14 1 0
github.com/bank-vaults/vault-operator/pkg/apis/vault/v1alpha1/vault_types.go:343.50,345.2 1 0
github.com/bank-vaults/vault-operator/pkg/apis/vault/v1alpha1/vault_types.go:348.60,351.2 2 0
github.com/bank-vaults/vault-operator/pkg/apis/vault/v1alpha1/vault_types.go:353.60,356.2 2 0
github.com/bank-vaults/vault-operator/pkg/apis/vault/v1alpha1/vault_types.go:359.62,362.2 2 0
github.com/bank-vaults/vault-operator/pkg/apis/vault/v1alpha1/vault_types.go:364.62,367.2 2 0
github.com/bank-vaults/vault-operator/pkg/apis/vault/v1alpha1/vault_types.go:369.64,375.2 3 0
github.com/bank-vaults/vault-operator/pkg/apis/vault/v1alpha1/vault_types.go:378.48,381.20 3 0
github.com/bank-vaults/vault-operator/pkg/apis/vault/v1alpha1/vault_types.go:381.20,383.3 1 0
github.com/bank-vaults/vault-operator/pkg/apis/vault/v1alpha1/vault_types.go:384.2,384.25 1 0
github.com/bank-vaults/vault-operator/pkg/apis/vault/v1alpha1/vault_types.go:388.50,390.25 2 0
github.com/bank-vaults/vault-operator/pkg/apis/vault/v1alpha1/vault_types.go:390.25,392.3 1 0
github.com/bank-vaults/vault-operator/pkg/apis/vault/v1alpha1/vault_types.go:393.2,393.57 1 0
github.com/bank-vaults/vault-operator/pkg/apis/vault/v1alpha1/vault_types.go:397.62,399.16 2 11
github.com/bank-vaults/vault-operator/pkg/apis/vault/v1alpha1/vault_types.go:399.16,401.3 1 0
github.com/bank-vaults/vault-operator/pkg/apis/vault/v1alpha1/vault_types.go:403.2,404.9 2 11
github.com/bank-vaults/vault-operator/pkg/apis/vault/v1alpha1/vault_types.go:404.9,406.3 1 1
github.com/bank-vaults/vault-operator/pkg/apis/vault/v1alpha1/vault_types.go:408.2,408.43 1 10
github.com/bank-vaults/vault-operator/pkg/apis/vault/v1alpha1/vault_types.go:412.51,413.31 1 0
github.com/bank-vaults/vault-operator/pkg/apis/vault/v1alpha1/vault_types.go:413.31,415.3 1 0
github.com/bank-vaults/vault-operator/pkg/apis/vault/v1alpha1/vault_types.go:416.2,416.18 1 0
github.com/bank-vaults/vault-operator/pkg/apis/vault/v1alpha1/vault_types.go:420.51,426.2 4 0
github.com/bank-vaults/vault-operator/pkg/apis/vault/v1alpha1/vault_types.go:429.45,433.2 3 0
github.com/bank-vaults/vault-operator/pkg/apis/vault/v1alpha1/vault_types.go:436.58,441.2 4 0
github.com/bank-vaults/vault-operator/pkg/apis/vault/v1alpha1/vault_types.go:444.46,445.26 1 0
github.com/bank-vaults/vault-operator/pkg/apis/vault/v1alpha1/vault_types.go:445.26,447.3 1 0
github.com/bank-vaults/vault-operator/pkg/apis/vault/v1alpha1/vault_types.go:448.2,448.16 1 0
github.com/bank-vaults/vault-operator/pkg/apis/vault/v1alpha1/vault_types.go:452.62,453.35 1 0
github.com/bank-vaults/vault-operator/pkg/apis/vault/v1alpha1/vault_types.go:453.35,455.3 1 0
github.com/bank-vaults/vault-operator/pkg/apis/vault/v1alpha1/vault_types.go:456.2,457.16 2 0
github.com/bank-vaults/vault-operator/pkg/apis/vault/v1alpha1/vault_types.go:457.16,460.3 2 0
github.com/bank-vaults/vault-operator/pkg/apis/vault/v1alpha1/vault_types.go:461.2,461.17 1 0
github.com/bank-vaults/vault-operator/pkg/apis/vault/v1alpha1/vault_types.go:464.61,467.2 2 0
github.com/bank-vaults/vault-operator/pkg/apis/vault/v1alpha1/vault_types.go:470.47,471.22 1 0
github.com/bank-vaults/vault-operator/pkg/apis/vault/v1alpha1/vault_types.go:471.22,473.3 1 0
github.com/bank-vaults/vault-operator/pkg/apis/vault/v1alpha1/vault_types.go:474.2,474.19 1 0
github.com/bank-vaults/vault-operator/pkg/apis/vault/v1alpha1/vault_types.go:478.52,479.32 1 0
github.com/bank-vaults/vault-operator/pkg/apis/vault/v1alpha1/vault_types.go:479.32,481.3 1 0
github.com/bank-vaults/vault-operator/pkg/apis/vault/v1alpha1/vault_types.go:482.2,482.29 1 0
github.com/bank-vaults/vault-operator/pkg/apis/vault/v1alpha1/vault_types.go:486.48,487.28 1 0
github.com/bank-vaults/vault-operator/pkg/apis/vault/v1alpha1/vault_types.go:487.28,489.3 1 0
github.com/bank-vaults/vault-operator/pkg/apis/vault/v1alpha1/vault_types.go:490.2,490.25 1 0
github.com/bank-vaults/vault-operator/pkg/apis/vault/v1alpha1/vault_types.go:494.56,495.36 1 0
github.com/bank-vaults/vault-operator/pkg/apis/vault/v1alpha1/vault_types.go:495.36,497.3 1 0
github.com/bank-vaults/vault-operator/pkg/apis/vault/v1alpha1/vault_types.go:498.2,498.33 1 0
github.com/bank-vaults/vault-operator/pkg/apis/vault/v1alpha1/vault_types.go:502.77,504.48 2 0
github.com/bank-vaults/vault-operator/pkg/apis/vault/v1alpha1/vault_types.go:504.48,513.3 1 0
github.com/bank-vaults/vault-operator/pkg/apis/vault/v1alpha1/vault_types.go:514.2,514.13 1 0
github.com/bank-vaults/vault-operator/pkg/apis/vault/v1alpha1/vault_types.go:518.70,519.38 1 0
github.com/bank-vaults/vault-operator/pkg/apis/vault/v1alpha1/vault_types.go:519.38,521.3 1 0
github.com/bank-vaults/vault-operator/pkg/apis/vault/v1alpha1/vault_types.go:523.2,523.34 1 0
github.com/bank-vaults/vault-operator/pkg/apis/vault/v1alpha1/vault_types.go:527.75,528.43 1 0
github.com/bank-vaults/vault-operator/pkg/apis/vault/v1alpha1/vault_types.go:528.43,530.3 1 0
github.com/bank-vaults/vault-operator/pkg/apis/vault/v1alpha1/vault_types.go:532.2,532.39 1 0
github.com/bank-vaults/vault-operator/pkg/apis/vault/v1alpha1/vault_types.go:536.59,537.29 1 0
github.com/bank-vaults/vault-operator/pkg/apis/vault/v1alpha1/vault_types.go:537.29,539.3 1 0
github.com/bank-vaults/vault-operator/pkg/apis/vault/v1alpha1/vault_types.go:541.2,541.25 1 0
github.com/bank-vaults/vault-operator/pkg/apis/vault/v1alpha1/vault_types.go:545.48,547.23 2 0
github.com/bank-vaults/vault-operator/pkg/apis/vault/v1alpha1/vault_types.go:547.23,548.27 1 0
github.com/bank-vaults/vault-operator/pkg/apis/vault/v1alpha1/vault_types.go:548.27,550.4 1 0
github.com/bank-vaults/vault-operator/pkg/apis/vault/v1alpha1/vault_types.go:551.3,551.29 1 0
github.com/bank-vaults/vault-operator/pkg/apis/vault/v1alpha1/vault_types.go:553.2,553.17 1 0
github.com/bank-vaults/vault-operator/pkg/apis/vault/v1alpha1/vault_types.go:557.59,558.29 1 0
github.com/bank-vaults/vault-operator/pkg/apis/vault/v1alpha1/vault_types.go:558.29,560.3 1 0
github.com/bank-vaults/vault-operator/pkg/apis/vault/v1alpha1/vault_types.go:562.2,562.25 1 0
github.com/bank-vaults/vault-operator/pkg/apis/vault/v1alpha1/vault_types.go:566.69,567.39 1 0
github.com/bank-vaults/vault-operator/pkg/apis/vault/v1alpha1/vault_types.go:567.39,569.3 1 0
github.com/bank-vaults/vault-operator/pkg/apis/vault/v1alpha1/vault_types.go:571.2,571.35 1 0
github.com/bank-vaults/vault-operator/pkg/apis/vault/v1alpha1/vault_types.go:575.64,576.34 1 0
github.com/bank-vaults/vault-operator/pkg/apis/vault/v1alpha1/vault_types.go:576.34,578.3 1 0
github.com/bank-vaults/vault-operator/pkg/apis/vault/v1alpha1/vault_types.go:580.2,580.30 1 0
github.com/bank-vaults/vault-operator/pkg/apis/vault/v1alpha1/vault_types.go:584.74,585.44 1 0
github.com/bank-vaults/vault-operator/pkg/apis/vault/v1alpha1/vault_types.go:585.44,587.3 1 0
github.com/bank-vaults/vault-operator/pkg/apis/vault/v1alpha1/vault_types.go:589.2,589.40 1 0
github.com/bank-vaults/vault-operator/pkg/apis/vault/v1alpha1/vault_types.go:593.49,594.29 1 0
github.com/bank-vaults/vault-operator/pkg/apis/vault/v1alpha1/vault_types.go:594.29,596.3 1 0
github.com/bank-vaults/vault-operator/pkg/apis/vault/v1alpha1/vault_types.go:597.2,597.26 1 0
github.com/bank-vaults/vault-operator/pkg/apis/vault/v1alpha1/vault_types.go:601.57,602.36 1 0
github.com/bank-vaults/vault-operator/pkg/apis/vault/v1alpha1/vault_types.go:602.36,604.3 1 0
github.com/bank-vaults/vault-operator/pkg/apis/vault/v1alpha1/vault_types.go:605.2,605.33 1 0
github.com/bank-vaults/vault-operator/pkg/apis/vault/v1alpha1/vault_types.go:608.47,609.27 1 2
github.com/bank-vaults/vault-operator/pkg/apis/vault/v1alpha1/vault_types.go:609.27,611.3 1 1
github.com/bank-vaults/vault-operator/pkg/apis/vault/v1alpha1/vault_types.go:612.2,612.24 1 1
github.com/bank-vaults/vault-operator/pkg/apis/vault/v1alpha1/vault_types.go:616.48,618.2 1 0
github.com/bank-vaults/vault-operator/pkg/apis/vault/v1alpha1/vault_types.go:621.48,623.2 1 0
github.com/bank-vaults/vault-operator/pkg/apis/vault/v1alpha1/vault_types.go:626.52,628.2 1 0
github.com/bank-vaults/vault-operator/pkg/apis/vault/v1alpha1/vault_types.go:631.44,635.2 3 0
github.com/bank-vaults/vault-operator/pkg/apis/vault/v1alpha1/vault_types.go:638.45,640.2 1 0
github.com/bank-vaults/vault-operator/pkg/apis/vault/v1alpha1/vault_types.go:643.47,645.2 1 0
github.com/bank-vaults/vault-operator/pkg/apis/vault/v1alpha1/vault_types.go:648.55,650.2 1 0
github.com/bank-vaults/vault-operator/pkg/apis/vault/v1alpha1/vault_types.go:682.56,686.73 2 0
github.com/bank-vaults/vault-operator/pkg/apis/vault/v1alpha1/vault_types.go:686.73,688.3 1 0
github.com/bank-vaults/vault-operator/pkg/apis/vault/v1alpha1/vault_types.go:690.2,690.71 1 0
github.com/bank-vaults/vault-operator/pkg/apis/vault/v1alpha1/vault_types.go:690.71,692.3 1 0
github.com/bank-vaults/vault-operator/pkg/apis/vault/v1alpha1/vault_types.go:695.2,695.70 1 0
github.com/bank-vaults/vault-operator/pkg/apis/vault/v1alpha1/vault_types.go:695.70,697.3 1 0
github.com/bank-vaults/vault-operator/pkg/apis/vault/v1alpha1/vault_types.go:700.2,700.76 1 0
github.com/bank-vaults/vault-operator/pkg/apis/vault/v1alpha1/vault_types.go:700.76,702.3 1 0
github.com/bank-vaults/vault-operator/pkg/apis/vault/v1alpha1/vault_types.go:704.2,704.23 1 0
github.com/bank-vaults/vault-operator/pkg/apis/vault/v1alpha1/vault_types.go:704.23,719.3 1 0
github.com/bank-vaults/vault-operator/pkg/apis/vault/v1alpha1/vault_types.go:719.8,719.29 1 0
github.com/bank-vaults/vault-operator/pkg/apis/vault/v1alpha1/vault_types.go:719.29,726.3 1 0
github.com/bank-vaults/vault-operator/pkg/apis/vault/v1alpha1/vault_types.go:726.8,726.27 1 0
github.com/bank-vaults/vault-operator/pkg/apis/vault/v1alpha1/vault_types.go:726.27,741.3 1 0
github.com/bank-vaults/vault-operator/pkg/apis/vault/v1alpha1/vault_types.go:741.8,741.27 1 0
github.com/bank-vaults/vault-operator/pkg/apis/vault/v1alpha1/vault_types.go:741.27,759.41 2 0
github.com/bank-vaults/vault-operator/pkg/apis/vault/v1alpha1/vault_types.go:759.41,764.4 1 0
github.com/bank-vaults/vault-operator/pkg/apis/vault/v1alpha1/vault_types.go:765.8,765.31 1 0
github.com/bank-vaults/vault-operator/pkg/apis/vault/v1alpha1/vault_types.go:765.31,780.3 1 0
github.com/bank-vaults/vault-operator/pkg/apis/vault/v1alpha1/vault_types.go:780.8,780.29 1 0
github.com/bank-vaults/vault-operator/pkg/apis/vault/v1alpha1/vault_types.go:780.29,790.28 2 0
github.com/bank-vaults/vault-operator/pkg/apis/vault/v1alpha1/vault_types.go:790.28,795.4 1 0
github.com/bank-vaults/vault-operator/pkg/apis/vault/v1alpha1/vault_types.go:795.9,795.39 1 0
github.com/bank-vaults/vault-operator/pkg/apis/vault/v1alpha1/vault_types.go:795.39,800.4 1 0
github.com/bank-vaults/vault-operator/pkg/apis/vault/v1alpha1/vault_types.go:800.9,800.34 1 0
github.com/bank-vaults/vault-operator/pkg/apis/vault/v1alpha1/vault_types.go:800.34,807.4 1 0
github.com/bank-vaults/vault-operator/pkg/apis/vault/v1alpha1/vault_types.go:808.8,808.27 1 0
github.com/bank-vaults/vault-operator/pkg/apis/vault/v1alpha1/vault_types.go:808.27,810.78 2 0
github.com/bank-vaults/vault-operator/pkg/apis/vault/v1alpha1/vault_types.go:810.78,812.4 1 0
github.com/bank-vaults/vault-operator/pkg/apis/vault/v1alpha1/vault_types.go:814.3,825.24 2 0
github.com/bank-vaults/vault-operator/pkg/apis/vault/v1alpha1/vault_types.go:825.24,830.4 1 0
github.com/bank-vaults/vault-operator/pkg/apis/vault/v1alpha1/vault_types.go:832.3,832.31 1 0
github.com/bank-vaults/vault-operator/pkg/apis/vault/v1alpha1/vault_types.go:832.31,837.4 1 0
github.com/bank-vaults/vault-operator/pkg/apis/vault/v1alpha1/vault_types.go:839.3,839.24 1 0
github.com/bank-vaults/vault-operator/pkg/apis/vault/v1alpha1/vault_types.go:839.24,841.45 2 0
github.com/bank-vaults/vault-operator/pkg/apis/vault/v1alpha1/vault_types.go:841.45,843.5 1 0
github.com/bank-vaults/vault-operator/pkg/apis/vault/v1alpha1/vault_types.go:845.4,854.5 2 0
github.com/bank-vaults/vault-operator/pkg/apis/vault/v1alpha1/vault_types.go:856.8,858.43 2 0
github.com/bank-vaults/vault-operator/pkg/apis/vault/v1alpha1/vault_types.go:858.43,860.4 1 0
github.com/bank-vaults/vault-operator/pkg/apis/vault/v1alpha1/vault_types.go:862.3,863.38 2 0
github.com/bank-vaults/vault-operator/pkg/apis/vault/v1alpha1/vault_types.go:863.38,865.4 1 0
github.com/bank-vaults/vault-operator/pkg/apis/vault/v1alpha1/vault_types.go:867.3,868.44 2 0
github.com/bank-vaults/vault-operator/pkg/apis/vault/v1alpha1/vault_types.go:868.44,870.4 1 0
github.com/bank-vaults/vault-operator/pkg/apis/vault/v1alpha1/vault_types.go:872.3,883.4 2 0
github.com/bank-vaults/vault-operator/pkg/apis/vault/v1alpha1/vault_types.go:886.2,886.13 1 0
github.com/bank-vaults/vault-operator/pkg/apis/vault/v1alpha1/vault_types.go:890.49,892.2 1 0
github.com/bank-vaults/vault-operator/pkg/apis/vault/v1alpha1/vault_types.go:1002.50,1006.16 3 0
github.com/bank-vaults/vault-operator/pkg/apis/vault/v1alpha1/vault_types.go:1006.16,1008.3 1 0
github.com/bank-vaults/vault-operator/pkg/apis/vault/v1alpha1/vault_types.go:1010.2,1010.72 1 0
github.com/bank-vaults/vault-operator/pkg/apis/vault/v1alpha1/vault_types.go:1010.72,1019.67 2 0
github.com/bank-vaults/vault-operator/pkg/apis/vault/v1alpha1/vault_types.go:1019.67,1021.4 1 0
github.com/bank-vaults/vault-operator/pkg/apis/vault/v1alpha1/vault_types.go:1024.2,1025.16 2 0
github.com/bank-vaults/vault-operator/pkg/apis/vault/v1alpha1/vault_types.go:1025.16,1027.3 1 0
github.com/bank-vaults/vault-operator/pkg/apis/vault/v1alpha1/vault_types.go:1029.2,1029.24 1 0
github.com/bank-vaults/vault-operator/pkg/apis/vault/v1alpha1/vault_types.go:1033.43,1034.31 1 0
github.com/bank-vaults/vault-operator/pkg/apis/vault/v1alpha1/vault_types.go:1034.31,1036.95 1 0
github.com/bank-vaults/vault-operator/pkg/apis/vault/v1alpha1/vault_types.go:1036.95,1045.4 1 0
github.com/bank-vaults/vault-operator/pkg/apis/vault/v1alpha1/vault_types.go:1047.3,1047.44 1 0
github.com/bank-vaults/vault-operator/pkg/apis/vault/v1alpha1/vault_types.go:1047.44,1049.4 1 0
github.com/bank-vaults/vault-operator/pkg/apis/vault/v1alpha1/vault_types.go:1052.3,1052.34 1 0
github.com/bank-vaults/vault-operator/pkg/apis/vault/v1alpha1/vault_types.go:1052.34,1064.4 3 0
github.com/bank-vaults/vault-operator/pkg/apis/vault/v1alpha1/vault_types.go:1066.3,1066.28 1 0
github.com/bank-vaults/vault-operator/pkg/apis/vault/v1alpha1/vault_types.go:1069.2,1069.12 1 0
github.com/bank-vaults/vault-operator/pkg/apis/vault/v1alpha1/vault_types.go:1074.56,1076.2 1 0
github.com/bank-vaults/vault-operator/pkg/apis/vault/v1alpha1/vault_types.go:1080.66,1082.2 1 0
github.com/bank-vaults/vault-operator/pkg/apis/vault/v1alpha1/vault_types.go:1085.62,1093.2 1 0
github.com/bank-vaults/vault-operator/pkg/apis/vault/v1alpha1/vault_types.go:1105.13,1107.2 1 1
github.com/bank-vaults/vault-operator/pkg/apis/vault/v1alpha1/zz_generated.deepcopy.go:27.63,29.2 1 0
github.com/bank-vaults/vault-operator/pkg/apis/vault/v1alpha1/zz_generated.deepcopy.go:32.56,33.15 1 0
github.com/bank-vaults/vault-operator/pkg/apis/vault/v1alpha1/zz_generated.deepcopy.go:33.15,35.3 1 0
github.com/bank-vaults/vault-operator/pkg/apis/vault/v1alpha1/zz_generated.deepcopy.go:36.2,38.12 3 0
github.com/bank-vaults/vault-operator/pkg/apis/vault/v1alpha1/zz_generated.deepcopy.go:42.71,44.2 1 0
github.com/bank-vaults/vault-operator/pkg/apis/vault/v1alpha1/zz_generated.deepcopy.go:47.64,48.15 1 0
github.com/bank-vaults/vault-operator/pkg/apis/vault/v1alpha1/zz_generated.deepcopy.go:48.15,50.3 1 0
github.com/bank-vaults/vault-operator/pkg/apis/vault/v1alpha1/zz_generated.deepcopy.go:51.2,53.12 3 0
github.com/bank-vaults/vault-operator/pkg/apis/vault/v1alpha1/zz_generated.deepcopy.go:57.67,59.2 1 0
github.com/bank-vaults/vault-operator/pkg/apis/vault/v1alpha1/zz_generated.deepcopy.go:62.60,63.15 1 0
github.com/bank-vaults/vault-operator/pkg/apis/vault/v1alpha1/zz_generated.deepcopy.go:63.15,65.3 1 0
github.com/bank-vaults/vault-operator/pkg/apis/vault/v1alpha1/zz_generated.deepcopy.go:66.2,68.12 3 0
github.com/bank-vaults/vault-operator/pkg/apis/vault/v1alpha1/zz_generated.deepcopy.go:72.67,74.2 1 0
github.com/bank-vaults/vault-operator/pkg/apis/vault/v1alpha1/zz_generated.deepcopy.go:77.60,78.15 1 0
github.com/bank-vaults/vault-operator/pkg/apis/vault/v1alpha1/zz_generated.deepcopy.go:78.15,80.3 1 0
github.com/bank-vaults/vault-operator/pkg/apis/vault/v1alpha1/zz_generated.deepcopy.go:81.2,83.12 3 0
github.com/bank-vaults/vault-operator/pkg/apis/vault/v1alpha1/zz_generated.deepcopy.go:87.77,89.22 2 0
github.com/bank-vaults/vault-operator/pkg/apis/vault/v1alpha1/zz_generated.deepcopy.go:89.22,92.29 3 0
github.com/bank-vaults/vault-operator/pkg/apis/vault/v1alpha1/zz_generated.deepcopy.go:92.29,94.4 1 0
github.com/bank-vaults/vault-operator/pkg/apis/vault/v1alpha1/zz_generated.deepcopy.go:96.2,96.27 1 0
github.com/bank-vaults/vault-operator/pkg/apis/vault/v1alpha1/zz_generated.deepcopy.go:96.27,99.29 3 0
github.com/bank-vaults/vault-operator/pkg/apis/vault/v1alpha1/zz_generated.deepcopy.go:99.29,101.4 1 0
github.com/bank-vaults/vault-operator/pkg/apis/vault/v1alpha1/zz_generated.deepcopy.go:106.70,107.15 1 0
github.com/bank-vaults/vault-operator/pkg/apis/vault/v1alpha1/zz_generated.deepcopy.go:107.15,109.3 1 0
github.com/bank-vaults/vault-operator/pkg/apis/vault/v1alpha1/zz_generated.deepcopy.go:110.2,112.12 3 0
github.com/bank-vaults/vault-operator/pkg/apis/vault/v1alpha1/zz_generated.deepcopy.go:116.91,121.2 4 0
github.com/bank-vaults/vault-operator/pkg/apis/vault/v1alpha1/zz_generated.deepcopy.go:124.84,125.15 1 0
github.com/bank-vaults/vault-operator/pkg/apis/vault/v1alpha1/zz_generated.deepcopy.go:125.15,127.3 1 0
github.com/bank-vaults/vault-operator/pkg/apis/vault/v1alpha1/zz_generated.deepcopy.go:128.2,130.12 3 0
github.com/bank-vaults/vault-operator/pkg/apis/vault/v1alpha1/zz_generated.deepcopy.go:134.63,136.23 2 0
github.com/bank-vaults/vault-operator/pkg/apis/vault/v1alpha1/zz_generated.deepcopy.go:136.23,139.22 3 0
github.com/bank-vaults/vault-operator/pkg/apis/vault/v1alpha1/zz_generated.deepcopy.go:139.22,141.4 1 0
github.com/bank-vaults/vault-operator/pkg/apis/vault/v1alpha1/zz_generated.deepcopy.go:143.2,143.30 1 0
github.com/bank-vaults/vault-operator/pkg/apis/vault/v1alpha1/zz_generated.deepcopy.go:143.30,146.22 3 0
github.com/bank-vaults/vault-operator/pkg/apis/vault/v1alpha1/zz_generated.deepcopy.go:146.22,148.4 1 0
github.com/bank-vaults/vault-operator/pkg/apis/vault/v1alpha1/zz_generated.deepcopy.go:150.2,150.26 1 0
github.com/bank-vaults/vault-operator/pkg/apis/vault/v1alpha1/zz_generated.deepcopy.go:150.26,153.22 3 0
github.com/bank-vaults/vault-operator/pkg/apis/vault/v1alpha1/zz_generated.deepcopy.go:153.22,155.4 1 0
github.com/bank-vaults/vault-operator/pkg/apis/vault/v1alpha1/zz_generated.deepcopy.go:157.2,157.35 1 0
github.com/bank-vaults/vault-operator/pkg/apis/vault/v1alpha1/zz_generated.deepcopy.go:157.35,160.22 3 0
github.com/bank-vaults/vault-operator/pkg/apis/vault/v1alpha1/zz_generated.deepcopy.go:160.22,162.4 1 0
github.com/bank-vaults/vault-operator/pkg/apis/vault/v1alpha1/zz_generated.deepcopy.go:164.2,164.45 1 0
github.com/bank-vaults/vault-operator/pkg/apis/vault/v1alpha1/zz_generated.deepcopy.go:164.45,168.3 3 0
github.com/bank-vaults/vault-operator/pkg/apis/vault/v1alpha1/zz_generated.deepcopy.go:169.2,169.37 1 0
github.com/bank-vaults/vault-operator/pkg/apis/vault/v1alpha1/zz_generated.deepcopy.go:169.37,173.3 3 0
github.com/bank-vaults/vault-operator/pkg/apis/vault/v1alpha1/zz_generated.deepcopy.go:174.2,174.28 1 0
github.com/bank-vaults/vault-operator/pkg/apis/vault/v1alpha1/zz_generated.deepcopy.go:174.28,177.29 3 0
github.com/bank-vaults/vault-operator/pkg/apis/vault/v1alpha1/zz_generated.deepcopy.go:177.29,179.4 1 0
github.com/bank-vaults/vault-operator/pkg/apis/vault/v1alpha1/zz_generated.deepcopy.go:181.2,181.44 1 0
github.com/bank-vaults/vault-operator/pkg/apis/vault/v1alpha1/zz_generated.deepcopy.go:181.44,185.3 3 0
github.com/bank-vaults/vault-operator/pkg/apis/vault/v1alpha1/zz_generated.deepcopy.go:186.2,186.37 1 0
github.com/bank-vaults/vault-operator/pkg/apis/vault/v1alpha1/zz_generated.deepcopy.go:186.37,190.3 3 0
github.com/bank-vaults/vault-operator/pkg/apis/vault/v1alpha1/zz_generated.deepcopy.go:191.2,191.31 1 0
github.com/bank-vaults/vault-operator/pkg/apis/vault/v1alpha1/zz_generated.deepcopy.go:191.31,195.3 3 0
github.com/bank-vaults/vault-operator/pkg/apis/vault/v1alpha1/zz_generated.deepcopy.go:196.2,196.32 1 0
github.com/bank-vaults/vault-operator/pkg/apis/vault/v1alpha1/zz_generated.deepcopy.go:196.32,200.3 3 0
github.com/bank-vaults/vault-operator/pkg/apis/vault/v1alpha1/zz_generated.deepcopy.go:201.2,201.24 1 0
github.com/bank-vaults/vault-operator/pkg/apis/vault/v1alpha1/zz_generated.deepcopy.go:201.24,205.3 3 0
github.com/bank-vaults/vault-operator/pkg/apis/vault/v1alpha1/zz_generated.deepcopy.go:206.2,206.27 1 0
github.com/bank-vaults/vault-operator/pkg/apis/vault/v1alpha1/zz_generated.deepcopy.go:206.27,209.22 3 0
github.com/bank-vaults/vault-operator/pkg/apis/vault/v1alpha1/zz_generated.deepcopy.go:209.22,211.4 1 0
github.com/bank-vaults/vault-operator/pkg/apis/vault/v1alpha1/zz_generated.deepcopy.go:213.2,213.27 1 0
github.com/bank-vaults/vault-operator/pkg/apis/vault/v1alpha1/zz_generated.deepcopy.go:213.27,216.22 3 0
github.com/bank-vaults/vault-operator/pkg/apis/vault/v1alpha1/zz_generated.deepcopy.go:216.22,218.4 1 0
github.com/bank-vaults/vault-operator/pkg/apis/vault/v1alpha1/zz_generated.deepcopy.go:220.2,220.24 1 0
github.com/bank-vaults/vault-operator/pkg/apis/vault/v1alpha1/zz_generated.deepcopy.go:220.24,224.3 3 0
github.com/bank-vaults/vault-operator/pkg/apis/vault/v1alpha1/zz_generated.deepcopy.go:225.2,225.25 1 0
github.com/bank-vaults/vault-operator/pkg/apis/vault/v1alpha1/zz_generated.deepcopy.go:225.25,229.3 3 0
github.com/bank-vaults/vault-operator/pkg/apis/vault/v1alpha1/zz_generated.deepcopy.go:230.2,230.30 1 0
github.com/bank-vaults/vault-operator/pkg/apis/vault/v1alpha1/zz_generated.deepcopy.go:230.30,234.3 3 0
github.com/bank-vaults/vault-operator/pkg/apis/vault/v1alpha1/zz_generated.deepcopy.go:235.2,235.32 1 0
github.com/bank-vaults/vault-operator/pkg/apis/vault/v1alpha1/zz_generated.deepcopy.go:235.32,239.3 3 0
github.com/bank-vaults/vault-operator/pkg/apis/vault/v1alpha1/zz_generated.deepcopy.go:240.2,240.34 1 0
github.com/bank-vaults/vault-operator/pkg/apis/vault/v1alpha1/zz_generated.deepcopy.go:240.34,244.3 3 0
github.com/bank-vaults/vault-operator/pkg/apis/vault/v1alpha1/zz_generated.deepcopy.go:245.2,245.32 1 0
github.com/bank-vaults/vault-operator/pkg/apis/vault/v1alpha1/zz_generated.deepcopy.go:245.32,249.3 3 0
github.com/bank-vaults/vault-operator/pkg/apis/vault/v1alpha1/zz_generated.deepcopy.go:250.2,250.24 1 0
github.com/bank-vaults/vault-operator/pkg/apis/vault/v1alpha1/zz_generated.deepcopy.go:250.24,253.29 3 0
github.com/bank-vaults/vault-operator/pkg/apis/vault/v1alpha1/zz_generated.deepcopy.go:253.29,255.4 1 0
github.com/bank-vaults/vault-operator/pkg/apis/vault/v1alpha1/zz_generated.deepcopy.go:257.2,257.41 1 0
github.com/bank-vaults/vault-operator/pkg/apis/vault/v1alpha1/zz_generated.deepcopy.go:257.41,260.22 3 0
github.com/bank-vaults/vault-operator/pkg/apis/vault/v1alpha1/zz_generated.deepcopy.go:260.22,262.4 1 0
github.com/bank-vaults/vault-operator/pkg/apis/vault/v1alpha1/zz_generated.deepcopy.go:264.2,264.33 1 0
github.com/bank-vaults/vault-operator/pkg/apis/vault/v1alpha1/zz_generated.deepcopy.go:264.33,268.3 3 0
github.com/bank-vaults/vault-operator/pkg/apis/vault/v1alpha1/zz_generated.deepcopy.go:269.2,269.18 1 0
github.com/bank-vaults/vault-operator/pkg/apis/vault/v1alpha1/zz_generated.deepcopy.go:269.18,273.3 3 0
github.com/bank-vaults/vault-operator/pkg/apis/vault/v1alpha1/zz_generated.deepcopy.go:274.2,274.25 1 0
github.com/bank-vaults/vault-operator/pkg/apis/vault/v1alpha1/zz_generated.deepcopy.go:274.25,278.3 3 0
github.com/bank-vaults/vault-operator/pkg/apis/vault/v1alpha1/zz_generated.deepcopy.go:279.2,279.31 1 0
github.com/bank-vaults/vault-operator/pkg/apis/vault/v1alpha1/zz_generated.deepcopy.go:279.31,283.3 3 0
github.com/bank-vaults/vault-operator/pkg/apis/vault/v1alpha1/zz_generated.deepcopy.go:284.2,284.30 1 0
github.com/bank-vaults/vault-operator/pkg/apis/vault/v1alpha1/zz_generated.deepcopy.go:284.30,287.22 3 0
github.com/bank-vaults/vault-operator/pkg/apis/vault/v1alpha1/zz_generated.deepcopy.go:287.22,289.4 1 0
github.com/bank-vaults/vault-operator/pkg/apis/vault/v1alpha1/zz_generated.deepcopy.go:291.2,291.25 1 0
github.com/bank-vaults/vault-operator/pkg/apis/vault/v1alpha1/zz_generated.deepcopy.go:291.25,295.3 3 0
github.com/bank-vaults/vault-operator/pkg/apis/vault/v1alpha1/zz_generated.deepcopy.go:299.56,300.15 1 0
github.com/bank-vaults/vault-operator/pkg/apis/vault/v1alpha1/zz_generated.deepcopy.go:300.15,302.3 1 0
github.com/bank-vaults/vault-operator/pkg/apis/vault/v1alpha1/zz_generated.deepcopy.go:303.2,305.12 3 0
github.com/bank-vaults/vault-operator/pkg/apis/vault/v1alpha1/zz_generated.deepcopy.go:309.69,311.2 1 0
github.com/bank-vaults/vault-operator/pkg/apis/vault/v1alpha1/zz_generated.deepcopy.go:314.62,315.15 1 0
github.com/bank-vaults/vault-operator/pkg/apis/vault/v1alpha1/zz_generated.deepcopy.go:315.15,317.3 1 0
github.com/bank-vaults/vault-operator/pkg/apis/vault/v1alpha1/zz_generated.deepcopy.go:318.2,320.12 3 0
github.com/bank-vaults/vault-operator/pkg/apis/vault/v1alpha1/zz_generated.deepcopy.go:324.63,326.2 1 0
github.com/bank-vaults/vault-operator/pkg/apis/vault/v1alpha1/zz_generated.deepcopy.go:329.56,330.15 1 0
github.com/bank-vaults/vault-operator/pkg/apis/vault/v1alpha1/zz_generated.deepcopy.go:330.15,332.3 1 0
github.com/bank-vaults/vault-operator/pkg/apis/vault/v1alpha1/zz_generated.deepcopy.go:333.2,335.12 3 0
github.com/bank-vaults/vault-operator/pkg/apis/vault/v1alpha1/zz_generated.deepcopy.go:339.47,341.27 2 0
github.com/bank-vaults/vault-operator/pkg/apis/vault/v1alpha1/zz_generated.deepcopy.go:341.27,344.29 3 0
github.com/bank-vaults/vault-operator/pkg/apis/vault/v1alpha1/zz_generated.deepcopy.go:344.29,346.4 1 0
github.com/bank-vaults/vault-operator/pkg/apis/vault/v1alpha1/zz_generated.deepcopy.go:348.2,348.33 1 0
github.com/bank-vaults/vault-operator/pkg/apis/vault/v1alpha1/zz_generated.deepcopy.go:352.40,353.15 1 0
github.com/bank-vaults/vault-operator/pkg/apis/vault/v1alpha1/zz_generated.deepcopy.go:353.15,355.3 1 0
github.com/bank-vaults/vault-operator/pkg/apis/vault/v1alpha1/zz_generated.deepcopy.go:356.2,358.12 3 0
github.com/bank-vaults/vault-operator/pkg/apis/vault/v1alpha1/zz_generated.deepcopy.go:362.77,364.2 1 0
github.com/bank-vaults/vault-operator/pkg/apis/vault/v1alpha1/zz_generated.deepcopy.go:367.70,368.15 1 0
github.com/bank-vaults/vault-operator/pkg/apis/vault/v1alpha1/zz_generated.deepcopy.go:368.15,370.3 1 0
github.com/bank-vaults/vault-operator/pkg/apis/vault/v1alpha1/zz_generated.deepcopy.go:371.2,373.12 3 0
github.com/bank-vaults/vault-operator/pkg/apis/vault/v1alpha1/zz_generated.deepcopy.go:377.63,379.2 1 0
github.com/bank-vaults/vault-operator/pkg/apis/vault/v1alpha1/zz_generated.deepcopy.go:382.56,383.15 1 0
github.com/bank-vaults/vault-operator/pkg/apis/vault/v1alpha1/zz_generated.deepcopy.go:383.15,385.3 1 0
github.com/bank-vaults/vault-operator/pkg/apis/vault/v1alpha1/zz_generated.deepcopy.go:386.2,388.12 3 0
github.com/bank-vaults/vault-operator/pkg/apis/vault/v1alpha1/zz_generated.deepcopy.go:392.51,394.21 2 0
github.com/bank-vaults/vault-operator/pkg/apis/vault/v1alpha1/zz_generated.deepcopy.go:394.21,398.3 3 0
github.com/bank-vaults/vault-operator/pkg/apis/vault/v1alpha1/zz_generated.deepcopy.go:399.2,399.26 1 0
github.com/bank-vaults/vault-operator/pkg/apis/vault/v1alpha1/zz_generated.deepcopy.go:399.26,403.3 3 0
github.com/bank-vaults/vault-operator/pkg/apis/vault/v1alpha1/zz_generated.deepcopy.go:404.2,404.25 1 0
github.com/bank-vaults/vault-operator/pkg/apis/vault/v1alpha1/zz_generated.deepcopy.go:404.25,408.3 3 0
github.com/bank-vaults/vault-operator/pkg/apis/vault/v1alpha1/zz_generated.deepcopy.go:409.2,409.34 1 0
github.com/bank-vaults/vault-operator/pkg/apis/vault/v1alpha1/zz_generated.deepcopy.go:409.34,413.3 3 0
github.com/bank-vaults/vault-operator/pkg/apis/vault/v1alpha1/zz_generated.deepcopy.go:414.2,414.23 1 0
github.com/bank-vaults/vault-operator/pkg/apis/vault/v1alpha1/zz_generated.deepcopy.go:414.23,418.3 3 0
github.com/bank-vaults/vault-operator/pkg/apis/vault/v1alpha1/zz_generated.deepcopy.go:422.44,423.15 1 0
github.com/bank-vaults/vault-operator/pkg/apis/vault/v1alpha1/zz_generated.deepcopy.go:423.15,425.3 1 0
github.com/bank-vaults/vault-operator/pkg/apis/vault/v1alpha1/zz_generated.deepcopy.go:426.2,428.12 3 0
github.com/bank-vaults/vault-operator/pkg/apis/vault/v1alpha1/zz_generated.deepcopy.go:432.57,436.22 4 0
github.com/bank-vaults/vault-operator/pkg/apis/vault/v1alpha1/zz_generated.deepcopy.go:436.22,440.3 3 0
github.com/bank-vaults/vault-operator/pkg/apis/vault/v1alpha1/zz_generated.deepcopy.go:441.2,441.23 1 0
github.com/bank-vaults/vault-operator/pkg/apis/vault/v1alpha1/zz_generated.deepcopy.go:441.23,445.3 3 0
github.com/bank-vaults/vault-operator/pkg/apis/vault/v1alpha1/zz_generated.deepcopy.go:446.2,446.21 1 0
github.com/bank-vaults/vault-operator/pkg/apis/vault/v1alpha1/zz_generated.deepcopy.go:446.21,450.3 3 0
github.com/bank-vaults/vault-operator/pkg/apis/vault/v1alpha1/zz_generated.deepcopy.go:451.2,451.19 1 0
github.com/bank-vaults/vault-operator/pkg/apis/vault/v1alpha1/zz_generated.deepcopy.go:451.19,455.3 3 0
github.com/bank-vaults/vault-operator/pkg/apis/vault/v1alpha1/zz_generated.deepcopy.go:456.2,456.19 1 0
github.com/bank-vaults/vault-operator/pkg/apis/vault/v1alpha1/zz_generated.deepcopy.go:456.19,460.3 3 0
github.com/bank-vaults/vault-operator/pkg/apis/vault/v1alpha1/zz_generated.deepcopy.go:461.2,461.21 1 0
github.com/bank-vaults/vault-operator/pkg/apis/vault/v1alpha1/zz_generated.deepcopy.go:461.21,465.3 3 0
github.com/bank-vaults/vault-operator/pkg/apis/vault/v1alpha1/zz_generated.deepcopy.go:466.2,466.19 1 0
github.com/bank-vaults/vault-operator/pkg/apis/vault/v1alpha1/zz_generated.deepcopy.go:466.19,470.3 3 0
github.com/bank-vaults/vault-operator/pkg/apis/vault/v1alpha1/zz_generated.deepcopy.go:474.50,475.15 1 0
github.com/bank-vaults/vault-operator/pkg/apis/vault/v1alpha1/zz_generated.deepcopy.go:475.15,477.3 1 0
github.com/bank-vaults/vault-operator/pkg/apis/vault/v1alpha1/zz_generated.deepcopy.go:478.2,480.12 3 0
github.com/bank-vaults/vault-operator/pkg/apis/vault/v1alpha1/zz_generated.deepcopy.go:484.59,486.31 2 0
github.com/bank-vaults/vault-operator/pkg/apis/vault/v1alpha1/zz_generated.deepcopy.go:486.31,490.3 3 0
github.com/bank-vaults/vault-operator/pkg/apis/vault/v1alpha1/zz_generated.deepcopy.go:491.2,491.30 1 0
github.com/bank-vaults/vault-operator/pkg/apis/vault/v1alpha1/zz_generated.deepcopy.go:491.30,495.3 3 0
github.com/bank-vaults/vault-operator/pkg/apis/vault/v1alpha1/zz_generated.deepcopy.go:496.2,496.31 1 0
github.com/bank-vaults/vault-operator/pkg/apis/vault/v1alpha1/zz_generated.deepcopy.go:496.31,500.3 3 0
github.com/bank-vaults/vault-operator/pkg/apis/vault/v1alpha1/zz_generated.deepcopy.go:501.2,501.28 1 0
github.com/bank-vaults/vault-operator/pkg/apis/vault/v1alpha1/zz_generated.deepcopy.go:501.28,505.3 3 0
github.com/bank-vaults/vault-operator/pkg/apis/vault/v1alpha1/zz_generated.deepcopy.go:509.52,510.15 1 0
github.com/bank-vaults/vault-operator/pkg/apis/vault/v1alpha1/zz_generated.deepcopy.go:510.15,512.3 1 0
github.com/bank-vaults/vault-operator/pkg/apis/vault/v1alpha1/zz_generated.deepcopy.go:513.2,515.12 3 0
github.com/bank-vaults/vault-operator/pkg/apis/vault/v1alpha1/zz_generated.deepcopy.go:519.43,525.2 5 0
github.com/bank-vaults/vault-operator/pkg/apis/vault/v1alpha1/zz_generated.deepcopy.go:528.36,529.15 1 0
github.com/bank-vaults/vault-operator/pkg/apis/vault/v1alpha1/zz_generated.deepcopy.go:529.15,531.3 1 0
github.com/bank-vaults/vault-operator/pkg/apis/vault/v1alpha1/zz_generated.deepcopy.go:532.2,534.12 3 0
github.com/bank-vaults/vault-operator/pkg/apis/vault/v1alpha1/zz_generated.deepcopy.go:538.50,539.34 1 0
github.com/bank-vaults/vault-operator/pkg/apis/vault/v1alpha1/zz_generated.deepcopy.go:539.34,541.3 1 0
github.com/bank-vaults/vault-operator/pkg/apis/vault/v1alpha1/zz_generated.deepcopy.go:542.2,542.12 1 0
github.com/bank-vaults/vault-operator/pkg/apis/vault/v1alpha1/zz_generated.deepcopy.go:546.51,550.21 4 0
github.com/bank-vaults/vault-operator/pkg/apis/vault/v1alpha1/zz_generated.deepcopy.go:550.21,553.22 3 0
github.com/bank-vaults/vault-operator/pkg/apis/vault/v1alpha1/zz_generated.deepcopy.go:553.22,555.4 1 0
github.com/bank-vaults/vault-operator/pkg/apis/vault/v1alpha1/zz_generated.deepcopy.go:560.44,561.15 1 0
github.com/bank-vaults/vault-operator/pkg/apis/vault/v1alpha1/zz_generated.deepcopy.go:561.15,563.3 1 0
github.com/bank-vaults/vault-operator/pkg/apis/vault/v1alpha1/zz_generated.deepcopy.go:564.2,566.12 3 0
github.com/bank-vaults/vault-operator/pkg/apis/vault/v1alpha1/zz_generated.deepcopy.go:570.54,571.34 1 0
github.com/bank-vaults/vault-operator/pkg/apis/vault/v1alpha1/zz_generated.deepcopy.go:571.34,573.3 1 0
github.com/bank-vaults/vault-operator/pkg/apis/vault/v1alpha1/zz_generated.deepcopy.go:574.2,574.12 1 0
github.com/bank-vaults/vault-operator/pkg/apis/vault/v1alpha1/zz_generated.deepcopy.go:578.51,580.38 2 0
github.com/bank-vaults/vault-operator/pkg/apis/vault/v1alpha1/zz_generated.deepcopy.go:580.38,583.22 3 0
github.com/bank-vaults/vault-operator/pkg/apis/vault/v1alpha1/zz_generated.deepcopy.go:583.22,585.4 1 0
github.com/bank-vaults/vault-operator/pkg/apis/vault/v1alpha1/zz_generated.deepcopy.go:587.2,587.36 1 0
github.com/bank-vaults/vault-operator/pkg/apis/vault/v1alpha1/zz_generated.deepcopy.go:587.36,590.22 3 0
github.com/bank-vaults/vault-operator/pkg/apis/vault/v1alpha1/zz_generated.deepcopy.go:590.22,591.23 1 0
github.com/bank-vaults/vault-operator/pkg/apis/vault/v1alpha1/zz_generated.deepcopy.go:591.23,594.31 3 0
github.com/bank-vaults/vault-operator/pkg/apis/vault/v1alpha1/zz_generated.deepcopy.go:594.31,596.6 1 0
github.com/bank-vaults/vault-operator/pkg/apis/vault/v1alpha1/zz_generated.deepcopy.go:600.2,600.41 1 0
github.com/bank-vaults/vault-operator/pkg/apis/vault/v1alpha1/zz_generated.deepcopy.go:600.41,603.22 3 0
github.com/bank-vaults/vault-operator/pkg/apis/vault/v1alpha1/zz_generated.deepcopy.go:603.22,604.23 1 0
github.com/bank-vaults/vault-operator/pkg/apis/vault/v1alpha1/zz_generated.deepcopy.go:604.23,607.31 3 0
github.com/bank-vaults/vault-operator/pkg/apis/vault/v1alpha1/zz_generated.deepcopy.go:607.31,609.6 1 0
github.com/bank-vaults/vault-operator/pkg/apis/vault/v1alpha1/zz_generated.deepcopy.go:613.2,613.27 1 0
github.com/bank-vaults/vault-operator/pkg/apis/vault/v1alpha1/zz_generated.deepcopy.go:613.27,616.29 3 0
github.com/bank-vaults/vault-operator/pkg/apis/vault/v1alpha1/zz_generated.deepcopy.go:616.29,618.4 1 0
github.com/bank-vaults/vault-operator/pkg/apis/vault/v1alpha1/zz_generated.deepcopy.go:620.2,620.32 1 0
github.com/bank-vaults/vault-operator/pkg/apis/vault/v1alpha1/zz_generated.deepcopy.go:620.32,623.29 3 0
github.com/bank-vaults/vault-operator/pkg/apis/vault/v1alpha1/zz_generated.deepcopy.go:623.29,625.4 1 0
github.com/bank-vaults/vault-operator/pkg/apis/vault/v1alpha1/zz_generated.deepcopy.go:627.2,627.27 1 0
github.com/bank-vaults/vault-operator/pkg/apis/vault/v1alpha1/zz_generated.deepcopy.go:627.27,630.29 3 0
github.com/bank-vaults/vault-operator/pkg/apis/vault/v1alpha1/zz_generated.deepcopy.go:630.29,632.4 1 0
github.com/bank-vaults/vault-operator/pkg/apis/vault/v1alpha1/zz_generated.deepcopy.go:634.2,634.28 1 0
github.com/bank-vaults/vault-operator/pkg/apis/vault/v1alpha1/zz_generated.deepcopy.go:634.28,638.3 3 0
github.com/bank-vaults/vault-operator/pkg/apis/vault/v1alpha1/zz_generated.deepcopy.go:639.2,640.42 2 0
github.com/bank-vaults/vault-operator/pkg/apis/vault/v1alpha1/zz_generated.deepcopy.go:640.42,643.29 3 0
github.com/bank-vaults/vault-operator/pkg/apis/vault/v1alpha1/zz_generated.deepcopy.go:643.29,645.4 1 0
github.com/bank-vaults/vault-operator/pkg/apis/vault/v1alpha1/zz_generated.deepcopy.go:647.2,647.37 1 0
github.com/bank-vaults/vault-operator/pkg/apis/vault/v1alpha1/zz_generated.deepcopy.go:647.37,650.29 3 0
github.com/bank-vaults/vault-operator/pkg/apis/vault/v1alpha1/zz_generated.deepcopy.go:650.29,652.4 1 0
github.com/bank-vaults/vault-operator/pkg/apis/vault/v1alpha1/zz_generated.deepcopy.go:654.2,654.38 1 0
github.com/bank-vaults/vault-operator/pkg/apis/vault/v1alpha1/zz_generated.deepcopy.go:654.38,658.3 3 0
github.com/bank-vaults/vault-operator/pkg/apis/vault/v1alpha1/zz_generated.deepcopy.go:659.2,663.26 5 0
github.com/bank-vaults/vault-operator/pkg/apis/vault/v1alpha1/zz_generated.deepcopy.go:663.26,666.22 3 0
github.com/bank-vaults/vault-operator/pkg/apis/vault/v1alpha1/zz_generated.deepcopy.go:666.22,668.4 1 0
github.com/bank-vaults/vault-operator/pkg/apis/vault/v1alpha1/zz_generated.deepcopy.go:670.2,671.28 2 0
github.com/bank-vaults/vault-operator/pkg/apis/vault/v1alpha1/zz_generated.deepcopy.go:671.28,674.29 3 0
github.com/bank-vaults/vault-operator/pkg/apis/vault/v1alpha1/zz_generated.deepcopy.go:674.29,676.4 1 0
github.com/bank-vaults/vault-operator/pkg/apis/vault/v1alpha1/zz_generated.deepcopy.go:678.2,678.24 1 0
github.com/bank-vaults/vault-operator/pkg/apis/vault/v1alpha1/zz_generated.deepcopy.go:678.24,682.3 3 0
github.com/bank-vaults/vault-operator/pkg/apis/vault/v1alpha1/zz_generated.deepcopy.go:683.2,684.28 2 0
github.com/bank-vaults/vault-operator/pkg/apis/vault/v1alpha1/zz_generated.deepcopy.go:684.28,687.29 3 0
github.com/bank-vaults/vault-operator/pkg/apis/vault/v1alpha1/zz_generated.deepcopy.go:687.29,689.4 1 0
github.com/bank-vaults/vault-operator/pkg/apis/vault/v1alpha1/zz_generated.deepcopy.go:691.2,691.27 1 0
github.com/bank-vaults/vault-operator/pkg/apis/vault/v1alpha1/zz_generated.deepcopy.go:691.27,694.22 3 0
github.com/bank-vaults/vault-operator/pkg/apis/vault/v1alpha1/zz_generated.deepcopy.go:694.22,696.4 1 0
github.com/bank-vaults/vault-operator/pkg/apis/vault/v1alpha1/zz_generated.deepcopy.go:698.2,698.23 1 0
github.com/bank-vaults/vault-operator/pkg/apis/vault/v1alpha1/zz_generated.deepcopy.go:698.23,701.22 3 0
github.com/bank-vaults/vault-operator/pkg/apis/vault/v1alpha1/zz_generated.deepcopy.go:701.22,703.4 1 0
github.com/bank-vaults/vault-operator/pkg/apis/vault/v1alpha1/zz_generated.deepcopy.go:705.2,705.28 1 0
github.com/bank-vaults/vault-operator/pkg/apis/vault/v1alpha1/zz_generated.deepcopy.go:705.28,708.22 3 0
github.com/bank-vaults/vault-operator/pkg/apis/vault/v1alpha1/zz_generated.deepcopy.go:708.22,710.4 1 0
github.com/bank-vaults/vault-operator/pkg/apis/vault/v1alpha1/zz_generated.deepcopy.go:712.2,712.36 1 0
github.com/bank-vaults/vault-operator/pkg/apis/vault/v1alpha1/zz_generated.deepcopy.go:712.36,715.22 3 0
github.com/bank-vaults/vault-operator/pkg/apis/vault/v1alpha1/zz_generated.deepcopy.go:715.22,717.4 1 0
github.com/bank-vaults/vault-operator/pkg/apis/vault/v1alpha1/zz_generated.deepcopy.go:719.2,719.31 1 0
github.com/bank-vaults/vault-operator/pkg/apis/vault/v1alpha1/zz_generated.deepcopy.go:719.31,722.22 3 0
github.com/bank-vaults/vault-operator/pkg/apis/vault/v1alpha1/zz_generated.deepcopy.go:722.22,724.4 1 0
github.com/bank-vaults/vault-operator/pkg/apis/vault/v1alpha1/zz_generated.deepcopy.go:726.2,726.33 1 0
github.com/bank-vaults/vault-operator/pkg/apis/vault/v1alpha1/zz_generated.deepcopy.go:726.33,729.22 3 0
github.com/bank-vaults/vault-operator/pkg/apis/vault/v1alpha1/zz_generated.deepcopy.go:729.22,731.4 1 0
github.com/bank-vaults/vault-operator/pkg/apis/vault/v1alpha1/zz_generated.deepcopy.go:733.2,733.33 1 0
github.com/bank-vaults/vault-operator/pkg/apis/vault/v1alpha1/zz_generated.deepcopy.go:733.33,736.22 3 0
github.com/bank-vaults/vault-operator/pkg/apis/vault/v1alpha1/zz_generated.deepcopy.go:736.22,738.4 1 0
github.com/bank-vaults/vault-operator/pkg/apis/vault/v1alpha1/zz_generated.deepcopy.go:740.2,740.25 1 0
github.com/bank-vaults/vault-operator/pkg/apis/vault/v1alpha1/zz_generated.deepcopy.go:740.25,744.3 3 0
github.com/bank-vaults/vault-operator/pkg/apis/vault/v1alpha1/zz_generated.deepcopy.go:745.2,745.23 1 0
github.com/bank-vaults/vault-operator/pkg/apis/vault/v1alpha1/zz_generated.deepcopy.go:745.23,749.3 3 0
github.com/bank-vaults/vault-operator/pkg/apis/vault/v1alpha1/zz_generated.deepcopy.go:750.2,750.34 1 0
github.com/bank-vaults/vault-operator/pkg/apis/vault/v1alpha1/zz_generated.deepcopy.go:750.34,754.3 3 0
github.com/bank-vaults/vault-operator/pkg/apis/vault/v1alpha1/zz_generated.deepcopy.go:755.2,755.28 1 0
github.com/bank-vaults/vault-operator/pkg/apis/vault/v1alpha1/zz_generated.deepcopy.go:755.28,759.3 3 0
github.com/bank-vaults/vault-operator/pkg/apis/vault/v1alpha1/zz_generated.deepcopy.go:760.2,760.31 1 0
github.com/bank-vaults/vault-operator/pkg/apis/vault/v1alpha1/zz_generated.deepcopy.go:760.31,763.22 3 0
github.com/bank-vaults/vault-operator/pkg/apis/vault/v1alpha1/zz_generated.deepcopy.go:763.22,765.4 1 0
github.com/bank-vaults/vault-operator/pkg/apis/vault/v1alpha1/zz_generated.deepcopy.go:767.2,767.35 1 0
github.com/bank-vaults/vault-operator/pkg/apis/vault/v1alpha1/zz_generated.deepcopy.go:767.35,770.22 3 0
github.com/bank-vaults/vault-operator/pkg/apis/vault/v1alpha1/zz_generated.deepcopy.go:770.22,772.4 1 0
github.com/bank-vaults/vault-operator/pkg/apis/vault/v1alpha1/zz_generated.deepcopy.go:777.44,778.15 1 0
github.com/bank-vaults/vault-operator/pkg/apis/vault/v1alpha1/zz_generated.deepcopy.go:778.15,780.3 1 0
github.com/bank-vaults/vault-operator/pkg/apis/vault/v1alpha1/zz_generated.deepcopy.go:781.2,783.12 3 0
github.com/bank-vaults/vault-operator/pkg/apis/vault/v1alpha1/zz_generated.deepcopy.go:787.55,789.21 2 0
github.com/bank-vaults/vault-operator/pkg/apis/vault/v1alpha1/zz_generated.deepcopy.go:789.21,793.3 3 0
github.com/bank-vaults/vault-operator/pkg/apis/vault/v1alpha1/zz_generated.deepcopy.go:794.2,794.26 1 0
github.com/bank-vaults/vault-operator/pkg/apis/vault/v1alpha1/zz_generated.deepcopy.go:794.26,798.3 3 0
github.com/bank-vaults/vault-operator/pkg/apis/vault/v1alpha1/zz_generated.deepcopy.go:802.48,803.15 1 0
github.com/bank-vaults/vault-operator/pkg/apis/vault/v1alpha1/zz_generated.deepcopy.go:803.15,805.3 1 0
github.com/bank-vaults/vault-operator/pkg/apis/vault/v1alpha1/zz_generated.deepcopy.go:806.2,808.12 3 0
github.com/bank-vaults/vault-operator/pkg/apis/vault/v1alpha1/zz_generated.deepcopy.go:812.67,814.2 1 0
github.com/bank-vaults/vault-operator/pkg/apis/vault/v1alpha1/zz_generated.deepcopy.go:817.60,818.15 1 0
github.com/bank-vaults/vault-operator/pkg/apis/vault/v1alpha1/zz_generated.deepcopy.go:818.15,820.3 1 0
github.com/bank-vaults/vault-operator/pkg/apis/vault/v1alpha1/zz_generated.deepcopy.go:821.2,823.12 3 0
github.com/bank-vaults/vault-operator/pkg/apis/vault/v1alpha1/zz_generated.defaults.go:28.53,30.2 1 0
github.com/bank-vaults/vault-operator/pkg/controller/vault/vault_controller.go:72.37,74.16 2 0
github.com/bank-vaults/vault-operator/pkg/controller/vault/vault_controller.go:74.16,76.3 1 0
github.com/bank-vaults/vault-operator/pkg/controller/vault/vault_controller.go:77.2,77.29 1 0
github.com/bank-vaults/vault-operator/pkg/controller/vault/vault_controller.go:81.71,83.16 2 0
github.com/bank-vaults/vault-operator/pkg/controller/vault/vault_controller.go:83.16,85.3 1 0
github.com/bank-vaults/vault-operator/pkg/controller/vault/vault_controller.go:86.2,91.8 1 0
github.com/bank-vaults/vault-operator/pkg/controller/vault/vault_controller.go:95.61,98.16 2 0
github.com/bank-vaults/vault-operator/pkg/controller/vault/vault_controller.go:98.16,100.3 1 0
github.com/bank-vaults/vault-operator/pkg/controller/vault/vault_controller.go:103.2,104.16 2 0
github.com/bank-vaults/vault-operator/pkg/controller/vault/vault_controller.go:104.16,106.3 1 0
github.com/bank-vaults/vault-operator/pkg/controller/vault/vault_controller.go:108.2,108.12 1 0
github.com/bank-vaults/vault-operator/pkg/controller/vault/vault_controller.go:131.91,133.2 1 0
github.com/bank-vaults/vault-operator/pkg/controller/vault/vault_controller.go:135.98,141.31 4 0
github.com/bank-vaults/vault-operator/pkg/controller/vault/vault_controller.go:141.31,143.17 2 0
github.com/bank-vaults/vault-operator/pkg/controller/vault/vault_controller.go:143.17,145.4 1 0
github.com/bank-vaults/vault-operator/pkg/controller/vault/vault_controller.go:146.3,146.26 1 0
github.com/bank-vaults/vault-operator/pkg/controller/vault/vault_controller.go:147.8,147.23 1 0
github.com/bank-vaults/vault-operator/pkg/controller/vault/vault_controller.go:147.23,149.19 1 0
github.com/bank-vaults/vault-operator/pkg/controller/vault/vault_controller.go:150.24,156.51 4 0
github.com/bank-vaults/vault-operator/pkg/controller/vault/vault_controller.go:156.51,157.53 1 0
github.com/bank-vaults/vault-operator/pkg/controller/vault/vault_controller.go:157.53,159.6 1 0
github.com/bank-vaults/vault-operator/pkg/controller/vault/vault_controller.go:162.4,162.102 1 0
github.com/bank-vaults/vault-operator/pkg/controller/vault/vault_controller.go:162.102,163.35 1 0
github.com/bank-vaults/vault-operator/pkg/controller/vault/vault_controller.go:163.35,165.6 1 0
github.com/bank-vaults/vault-operator/pkg/controller/vault/vault_controller.go:169.3,170.17 2 0
github.com/bank-vaults/vault-operator/pkg/controller/vault/vault_controller.go:170.17,177.4 4 0
github.com/bank-vaults/vault-operator/pkg/controller/vault/vault_controller.go:179.3,179.24 1 0
github.com/bank-vaults/vault-operator/pkg/controller/vault/vault_controller.go:179.24,188.18 3 0
github.com/bank-vaults/vault-operator/pkg/controller/vault/vault_controller.go:188.18,190.5 1 0
github.com/bank-vaults/vault-operator/pkg/controller/vault/vault_controller.go:192.4,195.27 3 0
github.com/bank-vaults/vault-operator/pkg/controller/vault/vault_controller.go:198.3,198.141 1 0
github.com/bank-vaults/vault-operator/pkg/controller/vault/vault_controller.go:201.2,201.12 1 0
github.com/bank-vaults/vault-operator/pkg/controller/vault/vault_controller.go:206.138,213.36 4 0
github.com/bank-vaults/vault-operator/pkg/controller/vault/vault_controller.go:213.36,215.56 2 0
github.com/bank-vaults/vault-operator/pkg/controller/vault/vault_controller.go:215.56,219.4 3 0
github.com/bank-vaults/vault-operator/pkg/controller/vault/vault_controller.go:223.2,225.41 2 0
github.com/bank-vaults/vault-operator/pkg/controller/vault/vault_controller.go:225.41,227.56 2 0
github.com/bank-vaults/vault-operator/pkg/controller/vault/vault_controller.go:227.56,231.4 3 0
github.com/bank-vaults/vault-operator/pkg/controller/vault/vault_controller.go:234.2,234.14 1 0
github.com/bank-vaults/vault-operator/pkg/controller/vault/vault_controller.go:242.110,249.16 5 0
github.com/bank-vaults/vault-operator/pkg/controller/vault/vault_controller.go:249.16,250.32 1 0
github.com/bank-vaults/vault-operator/pkg/controller/vault/vault_controller.go:250.32,255.4 1 0
github.com/bank-vaults/vault-operator/pkg/controller/vault/vault_controller.go:257.3,257.33 1 0
github.com/bank-vaults/vault-operator/pkg/controller/vault/vault_controller.go:260.2,261.16 2 0
github.com/bank-vaults/vault-operator/pkg/controller/vault/vault_controller.go:261.16,263.3 1 0
github.com/bank-vaults/vault-operator/pkg/controller/vault/vault_controller.go:266.2,268.84 2 0
github.com/bank-vaults/vault-operator/pkg/controller/vault/vault_controller.go:268.84,270.3 1 0
github.com/bank-vaults/vault-operator/pkg/controller/vault/vault_controller.go:271.2,272.16 2 0
github.com/bank-vaults/vault-operator/pkg/controller/vault/vault_controller.go:272.16,274.3 1 0
github.com/bank-vaults/vault-operator/pkg/controller/vault/vault_controller.go:277.2,279.92 2 0
github.com/bank-vaults/vault-operator/pkg/controller/vault/vault_controller.go:279.92,281.3 1 0
github.com/bank-vaults/vault-operator/pkg/controller/vault/vault_controller.go:282.2,283.16 2 0
github.com/bank-vaults/vault-operator/pkg/controller/vault/vault_controller.go:283.16,285.3 1 0
github.com/bank-vaults/vault-operator/pkg/controller/vault/vault_controller.go:289.2,289.122 1 0
github.com/bank-vaults/vault-operator/pkg/controller/vault/vault_controller.go:289.122,293.17 3 0
github.com/bank-vaults/vault-operator/pkg/controller/vault/vault_controller.go:293.17,295.4 1 0
github.com/bank-vaults/vault-operator/pkg/controller/vault/vault_controller.go:297.3,297.51 1 0
github.com/bank-vaults/vault-operator/pkg/controller/vault/vault_controller.go:297.51,300.4 2 0
github.com/bank-vaults/vault-operator/pkg/controller/vault/vault_controller.go:306.2,307.31 2 0
github.com/bank-vaults/vault-operator/pkg/controller/vault/vault_controller.go:307.31,309.81 1 0
github.com/bank-vaults/vault-operator/pkg/controller/vault/vault_controller.go:309.81,311.4 1 0
github.com/bank-vaults/vault-operator/pkg/controller/vault/vault_controller.go:312.3,313.17 2 0
github.com/bank-vaults/vault-operator/pkg/controller/vault/vault_controller.go:313.17,315.4 1 0
github.com/bank-vaults/vault-operator/pkg/controller/vault/vault_controller.go:318.2,319.29 2 0
github.com/bank-vaults/vault-operator/pkg/controller/vault/vault_controller.go:319.29,322.41 2 0
github.com/bank-vaults/vault-operator/pkg/controller/vault/vault_controller.go:322.41,324.4 1 0
github.com/bank-vaults/vault-operator/pkg/controller/vault/vault_controller.go:325.3,331.70 3 0
github.com/bank-vaults/vault-operator/pkg/controller/vault/vault_controller.go:331.70,334.18 2 0
github.com/bank-vaults/vault-operator/pkg/controller/vault/vault_controller.go:334.18,336.5 1 0
github.com/bank-vaults/vault-operator/pkg/controller/vault/vault_controller.go:337.9,337.24 1 0
github.com/bank-vaults/vault-operator/pkg/controller/vault/vault_controller.go:337.24,339.4 1 0
github.com/bank-vaults/vault-operator/pkg/controller/vault/vault_controller.go:339.9,339.69 1 0
github.com/bank-vaults/vault-operator/pkg/controller/vault/vault_controller.go:339.69,342.18 2 0
github.com/bank-vaults/vault-operator/pkg/controller/vault/vault_controller.go:342.18,344.5 1 0
github.com/bank-vaults/vault-operator/pkg/controller/vault/vault_controller.go:346.4,350.54 3 0
github.com/bank-vaults/vault-operator/pkg/controller/vault/vault_controller.go:350.54,352.19 2 0
github.com/bank-vaults/vault-operator/pkg/controller/vault/vault_controller.go:352.19,354.6 1 0
github.com/bank-vaults/vault-operator/pkg/controller/vault/vault_controller.go:355.5,355.53 1 0
github.com/bank-vaults/vault-operator/pkg/controller/vault/vault_controller.go:355.53,357.6 1 0
github.com/bank-vaults/vault-operator/pkg/controller/vault/vault_controller.go:361.4,361.66 1 0
github.com/bank-vaults/vault-operator/pkg/controller/vault/vault_controller.go:361.66,365.5 2 0
github.com/bank-vaults/vault-operator/pkg/controller/vault/vault_controller.go:365.10,365.30 1 0
github.com/bank-vaults/vault-operator/pkg/controller/vault/vault_controller.go:365.30,369.5 2 0
github.com/bank-vaults/vault-operator/pkg/controller/vault/vault_controller.go:370.4,370.18 1 0
github.com/bank-vaults/vault-operator/pkg/controller/vault/vault_controller.go:370.18,372.5 1 0
github.com/bank-vaults/vault-operator/pkg/controller/vault/vault_controller.go:376.3,376.41 1 0
github.com/bank-vaults/vault-operator/pkg/controller/vault/vault_controller.go:376.41,377.82 1 0
github.com/bank-vaults/vault-operator/pkg/controller/vault/vault_controller.go:377.82,379.5 1 0
github.com/bank-vaults/vault-operator/pkg/controller/vault/vault_controller.go:380.4,381.18 2 0
github.com/bank-vaults/vault-operator/pkg/controller/vault/vault_controller.go:381.18,383.5 1 0
github.com/bank-vaults/vault-operator/pkg/controller/vault/vault_controller.go:387.3,387.35 1 0
github.com/bank-vaults/vault-operator/pkg/controller/vault/vault_controller.go:387.35,389.18 2 0
github.com/bank-vaults/vault-operator/pkg/controller/vault/vault_controller.go:389.18,391.5 1 0
github.com/bank-vaults/vault-operator/pkg/controller/vault/vault_controller.go:395.2,395.31 1 0
github.com/bank-vaults/vault-operator/pkg/controller/vault/vault_controller.go:395.31,399.80 2 0
github.com/bank-vaults/vault-operator/pkg/controller/vault/vault_controller.go:399.80,401.4 1 0
github.com/bank-vaults/vault-operator/pkg/controller/vault/vault_controller.go:403.3,404.17 2 0
github.com/bank-vaults/vault-operator/pkg/controller/vault/vault_controller.go:404.17,406.4 1 0
github.com/bank-vaults/vault-operator/pkg/controller/vault/vault_controller.go:409.2,409.32 1 0
github.com/bank-vaults/vault-operator/pkg/controller/vault/vault_controller.go:409.32,414.80 2 0
github.com/bank-vaults/vault-operator/pkg/controller/vault/vault_controller.go:414.80,416.4 1 0
github.com/bank-vaults/vault-operator/pkg/controller/vault/vault_controller.go:418.3,419.17 2 0
github.com/bank-vaults/vault-operator/pkg/controller/vault/vault_controller.go:419.17,421.4 1 0
github.com/bank-vaults/vault-operator/pkg/controller/vault/vault_controller.go:425.2,429.107 4 0
github.com/bank-vaults/vault-operator/pkg/controller/vault/vault_controller.go:429.107,436.107 3 0
github.com/bank-vaults/vault-operator/pkg/controller/vault/vault_controller.go:436.107,438.4 1 0
github.com/bank-vaults/vault-operator/pkg/controller/vault/vault_controller.go:440.3,440.59 1 0
github.com/bank-vaults/vault-operator/pkg/controller/vault/vault_controller.go:440.59,441.127 1 0
github.com/bank-vaults/vault-operator/pkg/controller/vault/vault_controller.go:441.127,443.5 1 0
github.com/bank-vaults/vault-operator/pkg/controller/vault/vault_controller.go:447.2,448.16 2 0
github.com/bank-vaults/vault-operator/pkg/controller/vault/vault_controller.go:448.16,450.3 1 0
github.com/bank-vaults/vault-operator/pkg/controller/vault/vault_controller.go:453.2,453.92 1 0
github.com/bank-vaults/vault-operator/pkg/controller/vault/vault_controller.go:453.92,455.3 1 0
github.com/bank-vaults/vault-operator/pkg/controller/vault/vault_controller.go:457.2,458.16 2 0
github.com/bank-vaults/vault-operator/pkg/controller/vault/vault_controller.go:458.16,460.3 1 0
github.com/bank-vaults/vault-operator/pkg/controller/vault/vault_controller.go:463.2,467.16 5 0
github.com/bank-vaults/vault-operator/pkg/controller/vault/vault_controller.go:467.16,469.3 1 0
github.com/bank-vaults/vault-operator/pkg/controller/vault/vault_controller.go:472.2,472.88 1 0
github.com/bank-vaults/vault-operator/pkg/controller/vault/vault_controller.go:472.88,474.3 1 0
github.com/bank-vaults/vault-operator/pkg/controller/vault/vault_controller.go:476.2,477.16 2 0
github.com/bank-vaults/vault-operator/pkg/controller/vault/vault_controller.go:477.16,479.3 1 0
github.com/bank-vaults/vault-operator/pkg/controller/vault/vault_controller.go:481.2,481.34 1 0
github.com/bank-vaults/vault-operator/pkg/controller/vault/vault_controller.go:481.34,485.92 2 0
github.com/bank-vaults/vault-operator/pkg/controller/vault/vault_controller.go:485.92,487.4 1 0
github.com/bank-vaults/vault-operator/pkg/controller/vault/vault_controller.go:488.3,489.17 2 0
github.com/bank-vaults/vault-operator/pkg/controller/vault/vault_controller.go:489.17,491.4 1 0
github.com/bank-vaults/vault-operator/pkg/controller/vault/vault_controller.go:495.2,495.41 1 0
github.com/bank-vaults/vault-operator/pkg/controller/vault/vault_controller.go:495.41,497.17 2 0
github.com/bank-vaults/vault-operator/pkg/controller/vault/vault_controller.go:497.17,499.4 1 0
github.com/bank-vaults/vault-operator/pkg/controller/vault/vault_controller.go:503.2,503.51 1 0
github.com/bank-vaults/vault-operator/pkg/controller/vault/vault_controller.go:503.51,505.85 1 0
github.com/bank-vaults/vault-operator/pkg/controller/vault/vault_controller.go:505.85,507.4 1 0
github.com/bank-vaults/vault-operator/pkg/controller/vault/vault_controller.go:509.3,510.17 2 0
github.com/bank-vaults/vault-operator/pkg/controller/vault/vault_controller.go:510.17,512.4 1 0
github.com/bank-vaults/vault-operator/pkg/controller/vault/vault_controller.go:516.2,523.16 5 0
github.com/bank-vaults/vault-operator/pkg/controller/vault/vault_controller.go:523.16,525.3 1 0
github.com/bank-vaults/vault-operator/pkg/controller/vault/vault_controller.go:526.2,530.40 4 0
github.com/bank-vaults/vault-operator/pkg/controller/vault/vault_controller.go:530.40,532.17 2 0
github.com/bank-vaults/vault-operator/pkg/controller/vault/vault_controller.go:532.17,534.4 1 0
github.com/bank-vaults/vault-operator/pkg/controller/vault/vault_controller.go:536.3,538.17 3 0
github.com/bank-vaults/vault-operator/pkg/controller/vault/vault_controller.go:538.17,540.4 1 0
github.com/bank-vaults/vault-operator/pkg/controller/vault/vault_controller.go:542.3,543.17 2 0
github.com/bank-vaults/vault-operator/pkg/controller/vault/vault_controller.go:543.17,545.9 2 0
github.com/bank-vaults/vault-operator/pkg/controller/vault/vault_controller.go:546.9,546.29 1 0
github.com/bank-vaults/vault-operator/pkg/controller/vault/vault_controller.go:546.29,548.4 1 0
github.com/bank-vaults/vault-operator/pkg/controller/vault/vault_controller.go:553.2,555.16 3 0
github.com/bank-vaults/vault-operator/pkg/controller/vault/vault_controller.go:555.16,556.32 1 0
github.com/bank-vaults/vault-operator/pkg/controller/vault/vault_controller.go:556.32,561.4 1 0
github.com/bank-vaults/vault-operator/pkg/controller/vault/vault_controller.go:563.3,563.33 1 0
github.com/bank-vaults/vault-operator/pkg/controller/vault/vault_controller.go:566.2,567.39 2 0
github.com/bank-vaults/vault-operator/pkg/controller/vault/vault_controller.go:567.39,569.3 1 0
github.com/bank-vaults/vault-operator/pkg/controller/vault/vault_controller.go:571.2,572.99 1 0
github.com/bank-vaults/vault-operator/pkg/controller/vault/vault_controller.go:572.99,582.17 6 0
github.com/bank-vaults/vault-operator/pkg/controller/vault/vault_controller.go:582.17,584.4 1 0
github.com/bank-vaults/vault-operator/pkg/controller/vault/vault_controller.go:587.2,587.32 1 0
github.com/bank-vaults/vault-operator/pkg/controller/vault/vault_controller.go:590.35,599.2 1 0
github.com/bank-vaults/vault-operator/pkg/controller/vault/vault_controller.go:601.86,603.16 2 0
github.com/bank-vaults/vault-operator/pkg/controller/vault/vault_controller.go:603.16,605.3 1 0
github.com/bank-vaults/vault-operator/pkg/controller/vault/vault_controller.go:607.2,615.67 6 0
github.com/bank-vaults/vault-operator/pkg/controller/vault/vault_controller.go:618.62,625.39 4 0
github.com/bank-vaults/vault-operator/pkg/controller/vault/vault_controller.go:625.39,627.3 1 0
github.com/bank-vaults/vault-operator/pkg/controller/vault/vault_controller.go:629.2,634.74 3 0
github.com/bank-vaults/vault-operator/pkg/controller/vault/vault_controller.go:634.74,636.3 1 0
github.com/bank-vaults/vault-operator/pkg/controller/vault/vault_controller.go:638.2,659.16 4 0
github.com/bank-vaults/vault-operator/pkg/controller/vault/vault_controller.go:662.70,670.39 5 0
[...]
github.com/bank-vaults/vault-operator/pkg/controller/vault/vault_controller.go:1472.45,1474.4 1 0
github.com/bank-vaults/vault-operator/pkg/controller/vault/vault_controller.go:1477.2,1477.20 1 0
github.com/bank-vaults/vault-operator/pkg/controller/vault/vault_controller.go:1480.110,1481.65 1 0
github.com/bank-vaults/vault-operator/pkg/controller/vault/vault_controller.go:1481.65,1483.3 1 0
github.com/bank-vaults/vault-operator/pkg/controller/vault/vault_controller.go:1485.2,1485.20 1 0
github.com/bank-vaults/vault-operator/pkg/controller/vault/vault_controller.go:1488.136,1489.23 1 0
github.com/bank-vaults/vault-operator/pkg/controller/vault/vault_controller.go:1489.23,1492.3 1 0
github.com/bank-vaults/vault-operator/pkg/controller/vault/vault_controller.go:1495.2,1496.33 2 0
github.com/bank-vaults/vault-operator/pkg/controller/vault/vault_controller.go:1496.33,1497.39 1 0
github.com/bank-vaults/vault-operator/pkg/controller/vault/vault_controller.go:1497.39,1499.4 1 0
github.com/bank-vaults/vault-operator/pkg/controller/vault/vault_controller.go:1502.2,1510.20 5 0
github.com/bank-vaults/vault-operator/pkg/controller/vault/vault_controller.go:1513.98,1514.45 1 0
github.com/bank-vaults/vault-operator/pkg/controller/vault/vault_controller.go:1514.45,1516.3 1 0
github.com/bank-vaults/vault-operator/pkg/controller/vault/vault_controller.go:1518.2,1518.20 1 0
github.com/bank-vaults/vault-operator/pkg/controller/vault/vault_controller.go:1522.95,1524.15 2 0
github.com/bank-vaults/vault-operator/pkg/controller/vault/vault_controller.go:1524.15,1526.3 1 0
github.com/bank-vaults/vault-operator/pkg/controller/vault/vault_controller.go:1527.2,1527.29 1 0
github.com/bank-vaults/vault-operator/pkg/controller/vault/vault_controller.go:1527.29,1538.3 1 0
github.com/bank-vaults/vault-operator/pkg/controller/vault/vault_controller.go:1538.8,1543.3 1 0
github.com/bank-vaults/vault-operator/pkg/controller/vault/vault_controller.go:1544.2,1544.13 1 0
github.com/bank-vaults/vault-operator/pkg/controller/vault/vault_controller.go:1547.85,1548.29 1 0
github.com/bank-vaults/vault-operator/pkg/controller/vault/vault_controller.go:1548.29,1549.41 1 0
github.com/bank-vaults/vault-operator/pkg/controller/vault/vault_controller.go:1549.41,1572.4 1 0
github.com/bank-vaults/vault-operator/pkg/controller/vault/vault_controller.go:1572.9,1581.4 1 0
github.com/bank-vaults/vault-operator/pkg/controller/vault/vault_controller.go:1583.2,1583.16 1 0
github.com/bank-vaults/vault-operator/pkg/controller/vault/vault_controller.go:1586.105,1587.29 1 0
github.com/bank-vaults/vault-operator/pkg/controller/vault/vault_controller.go:1587.29,1592.3 1 0
github.com/bank-vaults/vault-operator/pkg/controller/vault/vault_controller.go:1593.2,1593.21 1 0
github.com/bank-vaults/vault-operator/pkg/controller/vault/vault_controller.go:1596.67,1599.24 3 0
github.com/bank-vaults/vault-operator/pkg/controller/vault/vault_controller.go:1599.24,1606.3 1 0
github.com/bank-vaults/vault-operator/pkg/controller/vault/vault_controller.go:1607.2,1615.11 2 0
github.com/bank-vaults/vault-operator/pkg/controller/vault/vault_controller.go:1618.68,1621.27 3 2
github.com/bank-vaults/vault-operator/pkg/controller/vault/vault_controller.go:1621.27,1623.3 1 1
github.com/bank-vaults/vault-operator/pkg/controller/vault/vault_controller.go:1624.2,1632.11 2 2
github.com/bank-vaults/vault-operator/pkg/controller/vault/vault_controller.go:1635.87,1638.15 3 0
github.com/bank-vaults/vault-operator/pkg/controller/vault/vault_controller.go:1638.15,1643.3 1 0
github.com/bank-vaults/vault-operator/pkg/controller/vault/vault_controller.go:1644.2,1644.13 1 0
github.com/bank-vaults/vault-operator/pkg/controller/vault/vault_controller.go:1648.109,1652.28 3 0
github.com/bank-vaults/vault-operator/pkg/controller/vault/vault_controller.go:1652.28,1654.3 1 0
github.com/bank-vaults/vault-operator/pkg/controller/vault/vault_controller.go:1660.2,1660.51 1 0
github.com/bank-vaults/vault-operator/pkg/controller/vault/vault_controller.go:1660.51,1669.3 2 0
github.com/bank-vaults/vault-operator/pkg/controller/vault/vault_controller.go:1671.2,1671.13 1 0
github.com/bank-vaults/vault-operator/pkg/controller/vault/vault_controller.go:1674.93,1676.22 2 0
github.com/bank-vaults/vault-operator/pkg/controller/vault/vault_controller.go:1676.22,1685.3 1 0
github.com/bank-vaults/vault-operator/pkg/controller/vault/vault_controller.go:1686.2,1686.16 1 0
github.com/bank-vaults/vault-operator/pkg/controller/vault/vault_controller.go:1689.113,1692.22 3 0
github.com/bank-vaults/vault-operator/pkg/controller/vault/vault_controller.go:1692.22,1699.3 2 0
github.com/bank-vaults/vault-operator/pkg/controller/vault/vault_controller.go:1700.2,1700.21 1 0
github.com/bank-vaults/vault-operator/pkg/controller/vault/vault_controller.go:1703.88,1704.32 1 0
github.com/bank-vaults/vault-operator/pkg/controller/vault/vault_controller.go:1704.32,1715.3 1 0
github.com/bank-vaults/vault-operator/pkg/controller/vault/vault_controller.go:1716.2,1716.16 1 0
github.com/bank-vaults/vault-operator/pkg/controller/vault/vault_controller.go:1719.104,1721.2 1 0
github.com/bank-vaults/vault-operator/pkg/controller/vault/vault_controller.go:1723.100,1725.2 1 0
github.com/bank-vaults/vault-operator/pkg/controller/vault/vault_controller.go:1727.100,1728.26 1 0
github.com/bank-vaults/vault-operator/pkg/controller/vault/vault_controller.go:1728.26,1749.3 1 0
github.com/bank-vaults/vault-operator/pkg/controller/vault/vault_controller.go:1750.2,1750.19 1 0
github.com/bank-vaults/vault-operator/pkg/controller/vault/vault_controller.go:1753.100,1754.32 1 0
github.com/bank-vaults/vault-operator/pkg/controller/vault/vault_controller.go:1754.32,1776.3 1 0
github.com/bank-vaults/vault-operator/pkg/controller/vault/vault_controller.go:1777.2,1777.19 1 0
github.com/bank-vaults/vault-operator/pkg/controller/vault/vault_controller.go:1780.90,1781.31 1 0
github.com/bank-vaults/vault-operator/pkg/controller/vault/vault_controller.go:1781.31,1800.3 1 0
github.com/bank-vaults/vault-operator/pkg/controller/vault/vault_controller.go:1801.2,1801.16 1 0
github.com/bank-vaults/vault-operator/pkg/controller/vault/vault_controller.go:1804.110,1805.31 1 0
github.com/bank-vaults/vault-operator/pkg/controller/vault/vault_controller.go:1805.31,1810.3 1 0
github.com/bank-vaults/vault-operator/pkg/controller/vault/vault_controller.go:1811.2,1811.21 1 0
github.com/bank-vaults/vault-operator/pkg/controller/vault/vault_controller.go:1814.102,1815.31 1 0
github.com/bank-vaults/vault-operator/pkg/controller/vault/vault_controller.go:1815.31,1833.3 1 0
github.com/bank-vaults/vault-operator/pkg/controller/vault/vault_controller.go:1834.2,1834.19 1 0
github.com/bank-vaults/vault-operator/pkg/controller/vault/vault_controller.go:1839.85,1840.43 1 0
github.com/bank-vaults/vault-operator/pkg/controller/vault/vault_controller.go:1840.43,1849.3 1 0
github.com/bank-vaults/vault-operator/pkg/controller/vault/vault_controller.go:1850.2,1850.16 1 0
github.com/bank-vaults/vault-operator/pkg/controller/vault/vault_controller.go:1853.105,1854.43 1 0
github.com/bank-vaults/vault-operator/pkg/controller/vault/vault_controller.go:1854.43,1859.3 1 0
github.com/bank-vaults/vault-operator/pkg/controller/vault/vault_controller.go:1860.2,1860.21 1 0
github.com/bank-vaults/vault-operator/pkg/controller/vault/vault_controller.go:1863.73,1864.34 1 0
github.com/bank-vaults/vault-operator/pkg/controller/vault/vault_controller.go:1864.34,1866.3 1 0
github.com/bank-vaults/vault-operator/pkg/controller/vault/vault_controller.go:1868.2,1878.3 2 0
github.com/bank-vaults/vault-operator/pkg/controller/vault/vault_controller.go:1881.67,1882.37 1 0
github.com/bank-vaults/vault-operator/pkg/controller/vault/vault_controller.go:1882.37,1884.3 1 0
github.com/bank-vaults/vault-operator/pkg/controller/vault/vault_controller.go:1885.2,1885.29 1 0
github.com/bank-vaults/vault-operator/pkg/controller/vault/vault_controller.go:1888.65,1889.28 1 0
github.com/bank-vaults/vault-operator/pkg/controller/vault/vault_controller.go:1889.28,1891.3 1 0
github.com/bank-vaults/vault-operator/pkg/controller/vault/vault_controller.go:1892.2,1892.30 1 0
github.com/bank-vaults/vault-operator/pkg/controller/vault/vault_controller.go:1895.114,1897.75 2 0
github.com/bank-vaults/vault-operator/pkg/controller/vault/vault_controller.go:1897.75,1899.3 1 0
github.com/bank-vaults/vault-operator/pkg/controller/vault/vault_controller.go:1901.2,1902.26 2 0
github.com/bank-vaults/vault-operator/pkg/controller/vault/vault_controller.go:1902.26,1904.3 1 0
github.com/bank-vaults/vault-operator/pkg/controller/vault/vault_controller.go:1906.2,1906.47 1 0
github.com/bank-vaults/vault-operator/pkg/controller/vault/vault_controller.go:1906.47,1906.101 1 0
github.com/bank-vaults/vault-operator/pkg/controller/vault/vault_controller.go:1907.2,1907.21 1 0
github.com/bank-vaults/vault-operator/pkg/controller/vault/vault_controller.go:1910.88,1912.55 2 0
github.com/bank-vaults/vault-operator/pkg/controller/vault/vault_controller.go:1912.55,1914.3 1 0
github.com/bank-vaults/vault-operator/pkg/controller/vault/vault_controller.go:1916.2,1917.26 2 0
github.com/bank-vaults/vault-operator/pkg/controller/vault/vault_controller.go:1917.26,1919.3 1 0
github.com/bank-vaults/vault-operator/pkg/controller/vault/vault_controller.go:1921.2,1921.42 1 0
github.com/bank-vaults/vault-operator/pkg/controller/vault/vault_controller.go:1921.42,1921.86 1 0
github.com/bank-vaults/vault-operator/pkg/controller/vault/vault_controller.go:1922.2,1922.16 1 0
github.com/bank-vaults/vault-operator/pkg/controller/vault/vault_controller.go:1925.108,1927.65 2 0
github.com/bank-vaults/vault-operator/pkg/controller/vault/vault_controller.go:1927.65,1929.3 1 0
github.com/bank-vaults/vault-operator/pkg/controller/vault/vault_controller.go:1931.2,1932.26 2 0
github.com/bank-vaults/vault-operator/pkg/controller/vault/vault_controller.go:1932.26,1934.3 1 0
github.com/bank-vaults/vault-operator/pkg/controller/vault/vault_controller.go:1936.2,1936.47 1 0
github.com/bank-vaults/vault-operator/pkg/controller/vault/vault_controller.go:1936.47,1936.101 1 0
github.com/bank-vaults/vault-operator/pkg/controller/vault/vault_controller.go:1937.2,1937.21 1 0
github.com/bank-vaults/vault-operator/pkg/controller/vault/vault_controller.go:1940.83,1942.2 1 3
github.com/bank-vaults/vault-operator/pkg/controller/vault/vault_controller.go:1944.81,1946.35 1 3
github.com/bank-vaults/vault-operator/pkg/controller/vault/vault_controller.go:1946.35,1948.3 1 2
github.com/bank-vaults/vault-operator/pkg/controller/vault/vault_controller.go:1950.2,1950.32 1 3
github.com/bank-vaults/vault-operator/pkg/controller/vault/vault_controller.go:1954.51,1955.45 1 2
github.com/bank-vaults/vault-operator/pkg/controller/vault/vault_controller.go:1955.45,1956.19 1 10
github.com/bank-vaults/vault-operator/pkg/controller/vault/vault_controller.go:1957.25,1958.37 1 1
github.com/bank-vaults/vault-operator/pkg/controller/vault/vault_controller.go:1959.31,1960.39 1 1
github.com/bank-vaults/vault-operator/pkg/controller/vault/vault_controller.go:1961.27,1962.35 1 1
github.com/bank-vaults/vault-operator/pkg/controller/vault/vault_controller.go:1963.26,1964.34 1 1
github.com/bank-vaults/vault-operator/pkg/controller/vault/vault_controller.go:1965.30,1966.32 1 1
github.com/bank-vaults/vault-operator/pkg/controller/vault/vault_controller.go:1967.32,1968.34 1 1
github.com/bank-vaults/vault-operator/pkg/controller/vault/vault_controller.go:1971.3,1971.67 1 10
github.com/bank-vaults/vault-operator/pkg/controller/vault/vault_controller.go:1975.82,1977.2 1 0
github.com/bank-vaults/vault-operator/pkg/controller/vault/vault_controller.go:1979.83,1981.2 1 0
github.com/bank-vaults/vault-operator/pkg/controller/vault/vault_controller.go:1983.85,1990.2 1 0
github.com/bank-vaults/vault-operator/pkg/controller/vault/vault_controller.go:1992.83,1994.42 2 0
github.com/bank-vaults/vault-operator/pkg/controller/vault/vault_controller.go:1994.42,1996.3 1 0
github.com/bank-vaults/vault-operator/pkg/controller/vault/vault_controller.go:1997.2,2001.3 1 0
github.com/bank-vaults/vault-operator/pkg/controller/vault/vault_controller.go:2004.80,2005.40 1 0
github.com/bank-vaults/vault-operator/pkg/controller/vault/vault_controller.go:2005.40,2010.3 2 0
github.com/bank-vaults/vault-operator/pkg/controller/vault/vault_controller.go:2011.2,2011.32 1 0
github.com/bank-vaults/vault-operator/pkg/controller/vault/vault_controller.go:2016.90,2018.33 2 0
github.com/bank-vaults/vault-operator/pkg/controller/vault/vault_controller.go:2018.33,2020.3 1 0
github.com/bank-vaults/vault-operator/pkg/controller/vault/vault_controller.go:2021.2,2021.50 1 0
github.com/bank-vaults/vault-operator/pkg/controller/vault/vault_controller.go:2021.50,2023.3 1 0
github.com/bank-vaults/vault-operator/pkg/controller/vault/vault_controller.go:2025.2,2025.10 1 0
github.com/bank-vaults/vault-operator/pkg/controller/vault/vault_controller.go:2030.100,2032.33 2 0
github.com/bank-vaults/vault-operator/pkg/controller/vault/vault_controller.go:2032.33,2034.3 1 0
github.com/bank-vaults/vault-operator/pkg/controller/vault/vault_controller.go:2035.2,2035.60 1 0
github.com/bank-vaults/vault-operator/pkg/controller/vault/vault_controller.go:2035.60,2037.3 1 0
github.com/bank-vaults/vault-operator/pkg/controller/vault/vault_controller.go:2039.2,2039.10 1 0
github.com/bank-vaults/vault-operator/pkg/controller/vault/vault_controller.go:2043.32,2050.2 1 0
github.com/bank-vaults/vault-operator/pkg/controller/vault/vault_controller.go:2053.46,2055.27 2 0
github.com/bank-vaults/vault-operator/pkg/controller/vault/vault_controller.go:2055.27,2057.3 1 0
github.com/bank-vaults/vault-operator/pkg/controller/vault/vault_controller.go:2058.2,2059.17 2 0
github.com/bank-vaults/vault-operator/pkg/controller/vault/vault_controller.go:2063.75,2064.62 1 0
github.com/bank-vaults/vault-operator/pkg/controller/vault/vault_controller.go:2064.62,2066.3 1 0
github.com/bank-vaults/vault-operator/pkg/controller/vault/vault_controller.go:2068.2,2077.3 1 0
github.com/bank-vaults/vault-operator/pkg/controller/vault/vault_controller.go:2081.80,2082.67 1 0
github.com/bank-vaults/vault-operator/pkg/controller/vault/vault_controller.go:2082.67,2084.3 1 0
github.com/bank-vaults/vault-operator/pkg/controller/vault/vault_controller.go:2086.2,2095.3 1 0
github.com/bank-vaults/vault-operator/pkg/controller/vault/vault_controller.go:2099.79,2100.66 1 0
github.com/bank-vaults/vault-operator/pkg/controller/vault/vault_controller.go:2100.66,2102.3 1 0
github.com/bank-vaults/vault-operator/pkg/controller/vault/vault_controller.go:2104.2,2113.3 1 0
github.com/bank-vaults/vault-operator/pkg/controller/vault/vault_controller.go:2117.88,2118.75 1 0
github.com/bank-vaults/vault-operator/pkg/controller/vault/vault_controller.go:2118.75,2120.3 1 0
github.com/bank-vaults/vault-operator/pkg/controller/vault/vault_controller.go:2122.2,2131.3 1 0
github.com/bank-vaults/vault-operator/pkg/controller/vault/vault_controller.go:2135.77,2136.64 1 0
github.com/bank-vaults/vault-operator/pkg/controller/vault/vault_controller.go:2136.64,2138.3 1 0
github.com/bank-vaults/vault-operator/pkg/controller/vault/vault_controller.go:2140.2,2149.3 1 0
github.com/bank-vaults/vault-operator/pkg/controller/vault/vault_controller.go:2152.131,2156.16 3 0
github.com/bank-vaults/vault-operator/pkg/controller/vault/vault_controller.go:2156.16,2158.3 1 0
github.com/bank-vaults/vault-operator/pkg/controller/vault/vault_controller.go:2161.2,2161.48 1 0
github.com/bank-vaults/vault-operator/pkg/controller/vault/vault_controller.go:2161.48,2165.92 4 0
github.com/bank-vaults/vault-operator/pkg/controller/vault/vault_controller.go:2165.92,2167.4 1 0
github.com/bank-vaults/vault-operator/pkg/controller/vault/vault_controller.go:2168.8,2175.3 6 0
github.com/bank-vaults/vault-operator/pkg/controller/vault/vault_controller.go:2177.2,2179.35 2 0
github.com/bank-vaults/vault-operator/pkg/controller/vault/vault_controller.go:2179.35,2181.83 2 0
github.com/bank-vaults/vault-operator/pkg/controller/vault/vault_controller.go:2181.83,2183.4 1 0
github.com/bank-vaults/vault-operator/pkg/controller/vault/vault_controller.go:2185.3,2185.49 1 0
github.com/bank-vaults/vault-operator/pkg/controller/vault/vault_controller.go:2185.49,2187.42 1 0
github.com/bank-vaults/vault-operator/pkg/controller/vault/vault_controller.go:2187.42,2188.13 1 0
github.com/bank-vaults/vault-operator/pkg/controller/vault/vault_controller.go:2190.4,2190.51 1 0
github.com/bank-vaults/vault-operator/pkg/controller/vault/vault_controller.go:2192.8,2194.3 1 0
github.com/bank-vaults/vault-operator/pkg/controller/vault/vault_controller.go:2196.2,2196.39 1 0
github.com/bank-vaults/vault-operator/pkg/controller/vault/vault_controller.go:2196.39,2197.31 1 0
github.com/bank-vaults/vault-operator/pkg/controller/vault/vault_controller.go:2197.31,2204.33 6 0
github.com/bank-vaults/vault-operator/pkg/controller/vault/vault_controller.go:2204.33,2206.5 1 0
github.com/bank-vaults/vault-operator/pkg/controller/vault/vault_controller.go:2206.10,2206.25 1 0
github.com/bank-vaults/vault-operator/pkg/controller/vault/vault_controller.go:2206.25,2208.5 1 0
github.com/bank-vaults/vault-operator/pkg/controller/vault/vault_controller.go:2212.2,2212.12 1 0
github.com/bank-vaults/vault-operator/pkg/controller/vault/vault_controller.go:2215.107,2218.2 1 0
github.com/bank-vaults/vault-operator/pkg/controller/vault/vault_controller.go:2220.128,2226.16 3 0
github.com/bank-vaults/vault-operator/pkg/controller/vault/vault_controller.go:2226.16,2228.3 1 0
github.com/bank-vaults/vault-operator/pkg/controller/vault/vault_controller.go:2232.2,2233.46 2 0
github.com/bank-vaults/vault-operator/pkg/controller/vault/vault_controller.go:2233.46,2235.3 1 0
github.com/bank-vaults/vault-operator/pkg/controller/vault/vault_controller.go:2237.2,2238.16 2 0
github.com/bank-vaults/vault-operator/pkg/controller/vault/vault_controller.go:2238.16,2240.3 1 0
github.com/bank-vaults/vault-operator/pkg/controller/vault/vault_controller.go:2242.2,2247.90 3 0
github.com/bank-vaults/vault-operator/pkg/controller/vault/vault_controller.go:2247.90,2249.3 1 0
github.com/bank-vaults/vault-operator/pkg/controller/vault/vault_controller.go:2251.2,2256.84 3 0
github.com/bank-vaults/vault-operator/pkg/controller/vault/vault_controller.go:2256.84,2258.3 1 0
github.com/bank-vaults/vault-operator/pkg/controller/vault/vault_controller.go:2261.2,2262.16 2 0
github.com/bank-vaults/vault-operator/pkg/controller/vault/vault_controller.go:2262.16,2264.3 1 0
github.com/bank-vaults/vault-operator/pkg/controller/vault/vault_controller.go:2267.2,2267.97 1 0
github.com/bank-vaults/vault-operator/pkg/controller/vault/vault_controller.go:2267.97,2269.3 1 0
github.com/bank-vaults/vault-operator/pkg/controller/vault/vault_controller.go:2270.2,2271.16 2 0
github.com/bank-vaults/vault-operator/pkg/controller/vault/vault_controller.go:2271.16,2273.3 1 0
github.com/bank-vaults/vault-operator/pkg/controller/vault/vault_controller.go:2276.2,2278.90 2 0
github.com/bank-vaults/vault-operator/pkg/controller/vault/vault_controller.go:2278.90,2280.3 1 0
github.com/bank-vaults/vault-operator/pkg/controller/vault/vault_controller.go:2282.2,2283.16 2 0
github.com/bank-vaults/vault-operator/pkg/controller/vault/vault_controller.go:2283.16,2285.3 1 0
github.com/bank-vaults/vault-operator/pkg/controller/vault/vault_controller.go:2287.2,2287.12 1 0
github.com/bank-vaults/vault-operator/pkg/controller/vault/vault_controller.go:2292.104,2294.23 2 1
github.com/bank-vaults/vault-operator/pkg/controller/vault/vault_controller.go:2294.23,2311.17 4 1
github.com/bank-vaults/vault-operator/pkg/controller/vault/vault_controller.go:2311.17,2313.4 1 1
github.com/bank-vaults/vault-operator/pkg/controller/vault/vault_controller.go:2315.3,2315.56 1 0
github.com/bank-vaults/vault-operator/pkg/controller/vault/vault_controller.go:2318.2,2318.12 1 0
